{"meta": {"format": 3, "version": "7.11.0", "timestamp": "2025-10-18T14:20:18.498895", "branch_coverage": false, "show_contexts": false}, "files": {"src/cmw/__init__.py": {"executed_lines": [1, 8, 10, 11, 12, 13, 14, 15, 16, 17, 18, 19, 20, 21, 22, 23, 24, 25, 26, 27, 29], "summary": {"covered_lines": 20, "num_statements": 20, "percent_covered": 100.0, "percent_covered_display": "100", "missing_lines": 0, "excluded_lines": 0}, "missing_lines": [], "excluded_lines": [], "functions": {"": {"executed_lines": [1, 8, 10, 11, 12, 13, 14, 15, 16, 17, 18, 19, 20, 21, 22, 23, 24, 25, 26, 27, 29], "summary": {"covered_lines": 20, "num_statements": 20, "percent_covered": 100.0, "percent_covered_display": "100", "missing_lines": 0, "excluded_lines": 0}, "missing_lines": [], "excluded_lines": []}}, "classes": {"": {"executed_lines": [1, 8, 10, 11, 12, 13, 14, 15, 16, 17, 18, 19, 20, 21, 22, 23, 24, 25, 26, 27, 29], "summary": {"covered_lines": 20, "num_statements": 20, "percent_covered": 100.0, "percent_covered_display": "100", "missing_lines": 0, "excluded_lines": 0}, "missing_lines": [], "excluded_lines": []}}}, "src/cmw/cli.py": {"executed_lines": [1, 7, 8, 9, 10, 12, 13, 14, 15, 16, 17, 18, 19, 20, 21, 24, 25, 26, 27, 28, 31, 32, 33, 43, 44, 45, 48, 53, 54, 65, 73, 74, 77, 78, 95, 96, 97, 101, 102, 103, 106, 107, 109, 113, 114, 116, 119, 120, 123, 126, 127, 135, 136, 137, 139, 140, 142, 145, 146, 147, 148, 158, 160, 161, 163, 164, 165, 166, 167, 168, 171, 173, 174, 184, 186, 187, 188, 189, 190, 193, 195, 212, 213, 214, 217, 219, 220, 221, 223, 224, 225, 228, 230, 231, 232, 234, 235, 236, 237, 240, 242, 243, 244, 246, 247, 248, 251, 253, 254, 255, 258, 259, 264, 266, 267, 269, 274, 276, 277, 278, 280, 281, 282, 284, 285, 293, 294, 295, 296, 297, 299, 302, 303, 304, 306, 307, 309, 310, 314, 315, 316, 318, 319, 320, 321, 322, 324, 327, 328, 329, 330, 332, 336, 337, 338, 345, 346, 348, 353, 354, 357, 358, 361, 362, 363, 365, 368, 369, 375, 376, 377, 379, 380, 381, 382, 385, 386, 387, 390, 399, 400, 401, 403, 404, 405, 407, 408, 409, 410, 411, 412, 415, 416, 418, 419, 421, 431, 434, 435, 437, 440, 441, 443, 444, 446, 447, 448, 450, 451, 452, 455, 456, 457, 458, 461, 462, 465, 468, 469, 474, 477, 490, 493, 495, 497, 500, 501, 503, 504, 506, 507, 509, 511, 512, 513, 516, 529, 532, 533, 535, 537, 540, 541, 543, 545, 546, 547, 548, 549, 551, 552, 553, 554, 555, 557, 558, 561, 563, 564, 565, 566, 569, 570, 575, 578, 579, 580, 583, 584, 585, 587, 588, 591, 592, 593, 595, 599, 602, 603, 609, 610, 618, 619, 620, 621, 623, 624, 625, 627, 633, 634, 637, 638, 639, 640, 641, 642, 645, 648, 649, 650, 652, 654, 655, 656, 658, 659, 660, 661, 662, 663, 665, 666, 667, 668, 670, 673, 674, 675, 676, 679, 680, 681, 682, 683, 684, 689, 690, 691, 692, 693, 701, 702, 703, 704, 706, 707, 708, 710, 717, 718, 723, 724, 730, 732, 739, 740, 743, 750, 751, 754, 755, 758, 759, 760, 761, 762, 770, 772, 773, 774, 777, 778, 779, 780, 783, 784, 785, 788, 789, 790, 791, 792, 793, 794, 795, 798, 799, 805, 806, 808, 809, 810, 811, 813, 814, 820, 821, 822, 824, 825, 827, 831, 832, 833, 835, 837, 840, 843, 844, 845, 850, 851, 852, 952, 953, 958, 959, 960, 961, 962, 1038, 1039, 1040, 1041, 1116, 1117, 1118, 1203, 1204, 1205, 1206, 1282, 1283, 1286, 1291], "summary": {"covered_lines": 425, "num_statements": 702, "percent_covered": 60.541310541310544, "percent_covered_display": "61", "missing_lines": 277, "excluded_lines": 0}, "missing_lines": [49, 50, 55, 58, 60, 61, 62, 98, 99, 143, 149, 150, 151, 152, 153, 155, 176, 177, 178, 180, 181, 270, 271, 298, 311, 312, 325, 333, 349, 350, 470, 628, 631, 686, 711, 714, 719, 720, 725, 726, 727, 734, 735, 736, 744, 745, 746, 747, 816, 817, 828, 829, 860, 861, 862, 864, 865, 867, 868, 869, 870, 871, 873, 874, 876, 883, 885, 886, 888, 889, 890, 892, 893, 896, 899, 902, 904, 905, 906, 908, 909, 910, 911, 913, 915, 916, 917, 918, 919, 920, 921, 922, 925, 926, 928, 929, 932, 933, 935, 936, 937, 939, 941, 942, 943, 944, 945, 946, 947, 949, 955, 970, 971, 974, 975, 976, 977, 979, 981, 982, 986, 987, 990, 993, 995, 996, 999, 1001, 1002, 1005, 1006, 1008, 1009, 1010, 1011, 1012, 1013, 1014, 1015, 1016, 1017, 1018, 1019, 1020, 1021, 1022, 1023, 1026, 1028, 1029, 1031, 1032, 1033, 1034, 1035, 1043, 1044, 1045, 1047, 1048, 1049, 1051, 1052, 1053, 1054, 1057, 1058, 1060, 1061, 1072, 1075, 1076, 1079, 1084, 1085, 1086, 1087, 1090, 1091, 1096, 1098, 1099, 1101, 1102, 1103, 1105, 1106, 1108, 1109, 1110, 1111, 1112, 1113, 1120, 1121, 1122, 1124, 1125, 1126, 1128, 1129, 1130, 1133, 1134, 1136, 1137, 1148, 1151, 1152, 1153, 1154, 1157, 1163, 1164, 1165, 1166, 1169, 1170, 1172, 1173, 1179, 1180, 1181, 1183, 1184, 1187, 1188, 1189, 1190, 1191, 1192, 1193, 1196, 1197, 1198, 1199, 1200, 1208, 1209, 1211, 1212, 1213, 1214, 1216, 1217, 1218, 1221, 1222, 1224, 1225, 1236, 1239, 1240, 1241, 1242, 1243, 1245, 1246, 1247, 1250, 1251, 1254, 1255, 1256, 1257, 1259, 1264, 1265, 1266, 1269, 1270, 1273, 1276, 1277, 1278, 1288, 1292], "excluded_lines": [], "functions": {"cli": {"executed_lines": [27, 28], "summary": {"covered_lines": 2, "num_statements": 2, "percent_covered": 100.0, "percent_covered_display": "100", "missing_lines": 0, "excluded_lines": 0}, "missing_lines": [], "excluded_lines": []}, "init": {"executed_lines": [43, 44, 45, 48, 53, 54, 65, 73, 74, 77, 78, 95, 96, 97, 101, 102, 103], "summary": {"covered_lines": 17, "num_statements": 26, "percent_covered": 65.38461538461539, "percent_covered_display": "65", "missing_lines": 9, "excluded_lines": 0}, "missing_lines": [49, 50, 55, 58, 60, 61, 62, 98, 99], "excluded_lines": []}, "task": {"executed_lines": [109], "summary": {"covered_lines": 1, "num_statements": 1, "percent_covered": 100.0, "percent_covered_display": "100", "missing_lines": 0, "excluded_lines": 0}, "missing_lines": [], "excluded_lines": []}, "tasks": {"executed_lines": [116], "summary": {"covered_lines": 1, "num_statements": 1, "percent_covered": 100.0, "percent_covered_display": "100", "missing_lines": 0, "excluded_lines": 0}, "missing_lines": [], "excluded_lines": []}, "generate_tasks": {"executed_lines": [135, 136, 137, 139, 140, 142, 145, 146, 147, 148], "summary": {"covered_lines": 10, "num_statements": 17, "percent_covered": 58.8235294117647, "percent_covered_display": "59", "missing_lines": 7, "excluded_lines": 0}, "missing_lines": [143, 149, 150, 151, 152, 153, 155], "excluded_lines": []}, "_validate_requirements_exists": {"executed_lines": [160, 161, 163, 164, 165, 166, 167, 168], "summary": {"covered_lines": 8, "num_statements": 8, "percent_covered": 100.0, "percent_covered_display": "100", "missing_lines": 0, "excluded_lines": 0}, "missing_lines": [], "excluded_lines": []}, "_confirm_overwrite": {"executed_lines": [173, 174], "summary": {"covered_lines": 2, "num_statements": 7, "percent_covered": 28.571428571428573, "percent_covered_display": "29", "missing_lines": 5, "excluded_lines": 0}, "missing_lines": [176, 177, 178, 180, 181], "excluded_lines": []}, "_parse_requirements": {"executed_lines": [186, 187, 188, 189, 190], "summary": {"covered_lines": 5, "num_statements": 5, "percent_covered": 100.0, "percent_covered_display": "100", "missing_lines": 0, "excluded_lines": 0}, "missing_lines": [], "excluded_lines": []}, "_save_tasks_to_file": {"executed_lines": [195, 212, 213, 214], "summary": {"covered_lines": 4, "num_statements": 4, "percent_covered": 100.0, "percent_covered_display": "100", "missing_lines": 0, "excluded_lines": 0}, "missing_lines": [], "excluded_lines": []}, "_print_task_summary": {"executed_lines": [219, 220, 221, 223, 224, 225], "summary": {"covered_lines": 6, "num_statements": 6, "percent_covered": 100.0, "percent_covered_display": "100", "missing_lines": 0, "excluded_lines": 0}, "missing_lines": [], "excluded_lines": []}, "_print_priority_summary": {"executed_lines": [230, 231, 232, 234, 235, 236, 237], "summary": {"covered_lines": 7, "num_statements": 7, "percent_covered": 100.0, "percent_covered_display": "100", "missing_lines": 0, "excluded_lines": 0}, "missing_lines": [], "excluded_lines": []}, "_print_assignment_summary": {"executed_lines": [242, 243, 244, 246, 247, 248], "summary": {"covered_lines": 6, "num_statements": 6, "percent_covered": 100.0, "percent_covered_display": "100", "missing_lines": 0, "excluded_lines": 0}, "missing_lines": [], "excluded_lines": []}, "_print_next_steps": {"executed_lines": [253, 254, 255], "summary": {"covered_lines": 3, "num_statements": 3, "percent_covered": 100.0, "percent_covered_display": "100", "missing_lines": 0, "excluded_lines": 0}, "missing_lines": [], "excluded_lines": []}, "list_tasks": {"executed_lines": [266, 267, 269, 274, 276, 277, 278, 280, 281, 282, 284, 285, 293, 294, 295, 296, 297, 299], "summary": {"covered_lines": 18, "num_statements": 21, "percent_covered": 85.71428571428571, "percent_covered_display": "86", "missing_lines": 3, "excluded_lines": 0}, "missing_lines": [270, 271, 298], "excluded_lines": []}, "show_task": {"executed_lines": [306, 307, 309, 310, 314, 315, 316, 318, 319, 320, 321, 322, 324, 327, 328, 329, 330, 332], "summary": {"covered_lines": 18, "num_statements": 22, "percent_covered": 81.81818181818181, "percent_covered_display": "82", "missing_lines": 4, "excluded_lines": 0}, "missing_lines": [311, 312, 325, 333], "excluded_lines": []}, "analyze_conflicts": {"executed_lines": [345, 346, 348, 353, 354, 357, 358, 361, 362, 363, 365, 368, 369, 375, 376, 377, 379, 380, 381, 382], "summary": {"covered_lines": 20, "num_statements": 22, "percent_covered": 90.9090909090909, "percent_covered_display": "91", "missing_lines": 2, "excluded_lines": 0}, "missing_lines": [349, 350], "excluded_lines": []}, "validate_tasks": {"executed_lines": [399, 400, 401, 403, 404, 405, 407, 408, 409, 410, 411, 412, 415, 416, 418, 419, 421, 431, 434, 435, 437, 440, 441, 443, 444, 446, 447, 448, 450, 451, 452, 455, 456, 457, 458, 461, 462, 465, 468, 469, 474, 477, 490, 493, 495, 497, 500, 501, 503, 504, 506, 507, 509, 511, 512, 513, 516, 529, 532, 533, 535, 537, 540, 541, 543, 545, 546, 547, 548, 549, 551, 552, 553, 554, 555, 557, 558, 561, 563, 564, 565, 566, 569, 570, 575, 578, 579, 580, 583, 584, 585, 587, 588, 591, 592, 593, 595, 599], "summary": {"covered_lines": 98, "num_statements": 99, "percent_covered": 98.98989898989899, "percent_covered_display": "99", "missing_lines": 1, "excluded_lines": 0}, "missing_lines": [470], "excluded_lines": []}, "show_graph": {"executed_lines": [618, 619, 620, 621, 623, 624, 625, 627, 633, 634, 637, 638, 639, 640, 641, 642, 645, 648, 649, 650, 652, 654, 655, 656, 658, 659, 660, 661, 662, 663, 665, 666, 667, 668, 670, 673, 674, 675, 676, 679, 680, 681, 682, 683, 684], "summary": {"covered_lines": 45, "num_statements": 48, "percent_covered": 93.75, "percent_covered_display": "94", "missing_lines": 3, "excluded_lines": 0}, "missing_lines": [628, 631, 686], "excluded_lines": []}, "generate_prompt": {"executed_lines": [701, 702, 703, 704, 706, 707, 708, 710, 717, 718, 723, 724, 730, 732, 739, 740, 743, 750, 751, 754, 755], "summary": {"covered_lines": 21, "num_statements": 35, "percent_covered": 60.0, "percent_covered_display": "60", "missing_lines": 14, "excluded_lines": 0}, "missing_lines": [711, 714, 719, 720, 725, 726, 727, 734, 735, 736, 744, 745, 746, 747], "excluded_lines": []}, "complete_task": {"executed_lines": [770, 772, 773, 774, 777, 778, 779, 780, 783, 784, 785, 788, 789, 790, 791, 792, 793, 794, 795, 798, 799, 805, 806, 808, 809, 810, 811, 813, 814], "summary": {"covered_lines": 29, "num_statements": 31, "percent_covered": 93.54838709677419, "percent_covered_display": "94", "missing_lines": 2, "excluded_lines": 0}, "missing_lines": [816, 817], "excluded_lines": []}, "status": {"executed_lines": [824, 825, 827, 831, 832, 833, 835, 837, 840], "summary": {"covered_lines": 9, "num_statements": 11, "percent_covered": 81.81818181818181, "percent_covered_display": "82", "missing_lines": 2, "excluded_lines": 0}, "missing_lines": [828, 829], "excluded_lines": []}, "sync": {"executed_lines": [], "summary": {"covered_lines": 0, "num_statements": 58, "percent_covered": 0.0, "percent_covered_display": "0", "missing_lines": 58, "excluded_lines": 0}, "missing_lines": [860, 861, 862, 864, 865, 867, 868, 869, 870, 871, 873, 874, 876, 883, 885, 886, 888, 889, 890, 892, 893, 896, 899, 902, 904, 905, 906, 908, 909, 910, 911, 913, 915, 916, 917, 918, 919, 920, 921, 922, 925, 926, 928, 929, 932, 933, 935, 936, 937, 939, 941, 942, 943, 944, 945, 946, 947, 949], "excluded_lines": []}, "requirements": {"executed_lines": [], "summary": {"covered_lines": 0, "num_statements": 1, "percent_covered": 0.0, "percent_covered_display": "0", "missing_lines": 1, "excluded_lines": 0}, "missing_lines": [955], "excluded_lines": []}, "generate_requirements": {"executed_lines": [], "summary": {"covered_lines": 0, "num_statements": 44, "percent_covered": 0.0, "percent_covered_display": "0", "missing_lines": 44, "excluded_lines": 0}, "missing_lines": [970, 971, 974, 975, 976, 977, 979, 981, 982, 986, 987, 990, 993, 995, 996, 999, 1001, 1002, 1005, 1006, 1008, 1009, 1010, 1011, 1012, 1013, 1014, 1015, 1016, 1017, 1018, 1019, 1020, 1021, 1022, 1023, 1026, 1028, 1029, 1031, 1032, 1033, 1034, 1035], "excluded_lines": []}, "next_task": {"executed_lines": [], "summary": {"covered_lines": 0, "num_statements": 38, "percent_covered": 0.0, "percent_covered_display": "0", "missing_lines": 38, "excluded_lines": 0}, "missing_lines": [1043, 1044, 1045, 1047, 1048, 1049, 1051, 1052, 1053, 1054, 1057, 1058, 1060, 1061, 1072, 1075, 1076, 1079, 1084, 1085, 1086, 1087, 1090, 1091, 1096, 1098, 1099, 1101, 1102, 1103, 1105, 1106, 1108, 1109, 1110, 1111, 1112, 1113], "excluded_lines": []}, "critical_path": {"executed_lines": [], "summary": {"covered_lines": 0, "num_statements": 44, "percent_covered": 0.0, "percent_covered_display": "0", "missing_lines": 44, "excluded_lines": 0}, "missing_lines": [1120, 1121, 1122, 1124, 1125, 1126, 1128, 1129, 1130, 1133, 1134, 1136, 1137, 1148, 1151, 1152, 1153, 1154, 1157, 1163, 1164, 1165, 1166, 1169, 1170, 1172, 1173, 1179, 1180, 1181, 1183, 1184, 1187, 1188, 1189, 1190, 1191, 1192, 1193, 1196, 1197, 1198, 1199, 1200], "excluded_lines": []}, "exec_task": {"executed_lines": [], "summary": {"covered_lines": 0, "num_statements": 38, "percent_covered": 0.0, "percent_covered_display": "0", "missing_lines": 38, "excluded_lines": 0}, "missing_lines": [1208, 1209, 1211, 1212, 1213, 1214, 1216, 1217, 1218, 1221, 1222, 1224, 1225, 1236, 1239, 1240, 1241, 1242, 1243, 1245, 1246, 1247, 1250, 1251, 1254, 1255, 1256, 1257, 1259, 1264, 1265, 1266, 1269, 1270, 1273, 1276, 1277, 1278], "excluded_lines": []}, "main": {"executed_lines": [], "summary": {"covered_lines": 0, "num_statements": 1, "percent_covered": 0.0, "percent_covered_display": "0", "missing_lines": 1, "excluded_lines": 0}, "missing_lines": [1288], "excluded_lines": []}, "": {"executed_lines": [1, 7, 8, 9, 10, 12, 13, 14, 15, 16, 17, 18, 19, 20, 21, 24, 25, 26, 31, 32, 33, 106, 107, 113, 114, 119, 120, 123, 126, 127, 158, 171, 184, 193, 217, 228, 240, 251, 258, 259, 264, 302, 303, 304, 336, 337, 338, 385, 386, 387, 390, 602, 603, 609, 610, 689, 690, 691, 692, 693, 758, 759, 760, 761, 762, 820, 821, 822, 843, 844, 845, 850, 851, 852, 952, 953, 958, 959, 960, 961, 962, 1038, 1039, 1040, 1041, 1116, 1117, 1118, 1203, 1204, 1205, 1206, 1282, 1283, 1286, 1291], "summary": {"covered_lines": 95, "num_statements": 96, "percent_covered": 98.95833333333333, "percent_covered_display": "99", "missing_lines": 1, "excluded_lines": 0}, "missing_lines": [1292], "excluded_lines": []}}, "classes": {"": {"executed_lines": [1, 7, 8, 9, 10, 12, 13, 14, 15, 16, 17, 18, 19, 20, 21, 24, 25, 26, 27, 28, 31, 32, 33, 43, 44, 45, 48, 53, 54, 65, 73, 74, 77, 78, 95, 96, 97, 101, 102, 103, 106, 107, 109, 113, 114, 116, 119, 120, 123, 126, 127, 135, 136, 137, 139, 140, 142, 145, 146, 147, 148, 158, 160, 161, 163, 164, 165, 166, 167, 168, 171, 173, 174, 184, 186, 187, 188, 189, 190, 193, 195, 212, 213, 214, 217, 219, 220, 221, 223, 224, 225, 228, 230, 231, 232, 234, 235, 236, 237, 240, 242, 243, 244, 246, 247, 248, 251, 253, 254, 255, 258, 259, 264, 266, 267, 269, 274, 276, 277, 278, 280, 281, 282, 284, 285, 293, 294, 295, 296, 297, 299, 302, 303, 304, 306, 307, 309, 310, 314, 315, 316, 318, 319, 320, 321, 322, 324, 327, 328, 329, 330, 332, 336, 337, 338, 345, 346, 348, 353, 354, 357, 358, 361, 362, 363, 365, 368, 369, 375, 376, 377, 379, 380, 381, 382, 385, 386, 387, 390, 399, 400, 401, 403, 404, 405, 407, 408, 409, 410, 411, 412, 415, 416, 418, 419, 421, 431, 434, 435, 437, 440, 441, 443, 444, 446, 447, 448, 450, 451, 452, 455, 456, 457, 458, 461, 462, 465, 468, 469, 474, 477, 490, 493, 495, 497, 500, 501, 503, 504, 506, 507, 509, 511, 512, 513, 516, 529, 532, 533, 535, 537, 540, 541, 543, 545, 546, 547, 548, 549, 551, 552, 553, 554, 555, 557, 558, 561, 563, 564, 565, 566, 569, 570, 575, 578, 579, 580, 583, 584, 585, 587, 588, 591, 592, 593, 595, 599, 602, 603, 609, 610, 618, 619, 620, 621, 623, 624, 625, 627, 633, 634, 637, 638, 639, 640, 641, 642, 645, 648, 649, 650, 652, 654, 655, 656, 658, 659, 660, 661, 662, 663, 665, 666, 667, 668, 670, 673, 674, 675, 676, 679, 680, 681, 682, 683, 684, 689, 690, 691, 692, 693, 701, 702, 703, 704, 706, 707, 708, 710, 717, 718, 723, 724, 730, 732, 739, 740, 743, 750, 751, 754, 755, 758, 759, 760, 761, 762, 770, 772, 773, 774, 777, 778, 779, 780, 783, 784, 785, 788, 789, 790, 791, 792, 793, 794, 795, 798, 799, 805, 806, 808, 809, 810, 811, 813, 814, 820, 821, 822, 824, 825, 827, 831, 832, 833, 835, 837, 840, 843, 844, 845, 850, 851, 852, 952, 953, 958, 959, 960, 961, 962, 1038, 1039, 1040, 1041, 1116, 1117, 1118, 1203, 1204, 1205, 1206, 1282, 1283, 1286, 1291], "summary": {"covered_lines": 425, "num_statements": 702, "percent_covered": 60.541310541310544, "percent_covered_display": "61", "missing_lines": 277, "excluded_lines": 0}, "missing_lines": [49, 50, 55, 58, 60, 61, 62, 98, 99, 143, 149, 150, 151, 152, 153, 155, 176, 177, 178, 180, 181, 270, 271, 298, 311, 312, 325, 333, 349, 350, 470, 628, 631, 686, 711, 714, 719, 720, 725, 726, 727, 734, 735, 736, 744, 745, 746, 747, 816, 817, 828, 829, 860, 861, 862, 864, 865, 867, 868, 869, 870, 871, 873, 874, 876, 883, 885, 886, 888, 889, 890, 892, 893, 896, 899, 902, 904, 905, 906, 908, 909, 910, 911, 913, 915, 916, 917, 918, 919, 920, 921, 922, 925, 926, 928, 929, 932, 933, 935, 936, 937, 939, 941, 942, 943, 944, 945, 946, 947, 949, 955, 970, 971, 974, 975, 976, 977, 979, 981, 982, 986, 987, 990, 993, 995, 996, 999, 1001, 1002, 1005, 1006, 1008, 1009, 1010, 1011, 1012, 1013, 1014, 1015, 1016, 1017, 1018, 1019, 1020, 1021, 1022, 1023, 1026, 1028, 1029, 1031, 1032, 1033, 1034, 1035, 1043, 1044, 1045, 1047, 1048, 1049, 1051, 1052, 1053, 1054, 1057, 1058, 1060, 1061, 1072, 1075, 1076, 1079, 1084, 1085, 1086, 1087, 1090, 1091, 1096, 1098, 1099, 1101, 1102, 1103, 1105, 1106, 1108, 1109, 1110, 1111, 1112, 1113, 1120, 1121, 1122, 1124, 1125, 1126, 1128, 1129, 1130, 1133, 1134, 1136, 1137, 1148, 1151, 1152, 1153, 1154, 1157, 1163, 1164, 1165, 1166, 1169, 1170, 1172, 1173, 1179, 1180, 1181, 1183, 1184, 1187, 1188, 1189, 1190, 1191, 1192, 1193, 1196, 1197, 1198, 1199, 1200, 1208, 1209, 1211, 1212, 1213, 1214, 1216, 1217, 1218, 1221, 1222, 1224, 1225, 1236, 1239, 1240, 1241, 1242, 1243, 1245, 1246, 1247, 1250, 1251, 1254, 1255, 1256, 1257, 1259, 1264, 1265, 1266, 1269, 1270, 1273, 1276, 1277, 1278, 1288, 1292], "excluded_lines": []}}}, "src/cmw/conflict_detector.py": {"executed_lines": [1, 8, 9, 11, 14, 15, 17, 18, 19, 22, 23, 25, 26, 27, 28, 31, 32, 34, 37, 38, 39, 40, 41, 43, 45, 54, 55, 57, 58, 60, 70, 71, 73, 74, 76, 77, 78, 80, 87, 89, 91, 103, 106, 107, 113, 115, 117, 129, 130, 131, 132, 135, 136, 140, 141, 144, 146, 150, 151, 153, 155, 156, 158, 159, 161, 162, 164, 166, 180, 182, 183, 184, 185, 192, 193, 196, 197, 198, 199, 200, 201, 202, 203, 205, 207, 209, 211, 213, 214, 215, 216, 217, 219, 221, 223, 225, 226, 227, 228, 229, 230, 234, 236, 238, 239, 240, 241, 245, 247, 249, 250, 251, 252, 254, 256, 260, 261, 262, 264, 266, 267, 268, 269, 273, 274, 275, 277, 282, 284, 285, 286, 288, 290, 294, 295, 297, 298, 299, 302, 305, 306, 307, 311, 314, 316, 326, 328, 329, 330, 331, 332, 334, 335, 336, 338, 339, 342, 343, 344, 345, 346, 347, 350, 356, 357, 359, 360, 367, 370, 372, 373, 374, 375, 376, 379, 380, 381, 382, 384, 385, 386, 387, 391], "summary": {"covered_lines": 178, "num_statements": 188, "percent_covered": 94.68085106382979, "percent_covered_display": "95", "missing_lines": 10, "excluded_lines": 0}, "missing_lines": [108, 110, 147, 232, 243, 270, 279, 300, 312, 389], "excluded_lines": [], "functions": {"Conflict.__init__": {"executed_lines": [37, 38, 39, 40, 41], "summary": {"covered_lines": 5, "num_statements": 5, "percent_covered": 100.0, "percent_covered_display": "100", "missing_lines": 0, "excluded_lines": 0}, "missing_lines": [], "excluded_lines": []}, "Conflict.to_dict": {"executed_lines": [45], "summary": {"covered_lines": 1, "num_statements": 1, "percent_covered": 100.0, "percent_covered_display": "100", "missing_lines": 0, "excluded_lines": 0}, "missing_lines": [], "excluded_lines": []}, "ConflictDetector.__init__": {"executed_lines": [58], "summary": {"covered_lines": 1, "num_statements": 1, "percent_covered": 100.0, "percent_covered_display": "100", "missing_lines": 0, "excluded_lines": 0}, "missing_lines": [], "excluded_lines": []}, "ConflictDetector.detect_conflicts": {"executed_lines": [70, 71, 73, 74, 76, 77, 78, 80, 87, 89], "summary": {"covered_lines": 10, "num_statements": 10, "percent_covered": 100.0, "percent_covered_display": "100", "missing_lines": 0, "excluded_lines": 0}, "missing_lines": [], "excluded_lines": []}, "ConflictDetector.suggest_execution_order": {"executed_lines": [103, 106, 107, 113, 115], "summary": {"covered_lines": 5, "num_statements": 7, "percent_covered": 71.42857142857143, "percent_covered_display": "71", "missing_lines": 2, "excluded_lines": 0}, "missing_lines": [108, 110], "excluded_lines": []}, "ConflictDetector.get_safe_parallel_tasks": {"executed_lines": [129, 130, 131, 132, 135, 136, 140, 141, 144, 146, 150, 151, 153, 155, 156, 158, 159, 161, 162, 164], "summary": {"covered_lines": 20, "num_statements": 21, "percent_covered": 95.23809523809524, "percent_covered_display": "95", "missing_lines": 1, "excluded_lines": 0}, "missing_lines": [147], "excluded_lines": []}, "ConflictDetector.analyze_file_usage": {"executed_lines": [180, 182, 183, 184, 185, 192, 193, 196, 197, 198, 199, 200, 201, 202, 203, 205, 207], "summary": {"covered_lines": 17, "num_statements": 17, "percent_covered": 100.0, "percent_covered_display": "100", "missing_lines": 0, "excluded_lines": 0}, "missing_lines": [], "excluded_lines": []}, "ConflictDetector._group_by_file": {"executed_lines": [211, 213, 214, 215, 216, 217, 219], "summary": {"covered_lines": 7, "num_statements": 7, "percent_covered": 100.0, "percent_covered_display": "100", "missing_lines": 0, "excluded_lines": 0}, "missing_lines": [], "excluded_lines": []}, "ConflictDetector._determine_severity": {"executed_lines": [223, 225, 226, 227, 228, 229, 230], "summary": {"covered_lines": 7, "num_statements": 8, "percent_covered": 87.5, "percent_covered_display": "88", "missing_lines": 1, "excluded_lines": 0}, "missing_lines": [232], "excluded_lines": []}, "ConflictDetector._generate_suggestion": {"executed_lines": [236, 238, 239, 240, 241], "summary": {"covered_lines": 5, "num_statements": 6, "percent_covered": 83.33333333333333, "percent_covered_display": "83", "missing_lines": 1, "excluded_lines": 0}, "missing_lines": [243], "excluded_lines": []}, "ConflictDetector._build_dependency_graph": {"executed_lines": [247, 249, 250, 251, 252, 254], "summary": {"covered_lines": 6, "num_statements": 6, "percent_covered": 100.0, "percent_covered_display": "100", "missing_lines": 0, "excluded_lines": 0}, "missing_lines": [], "excluded_lines": []}, "ConflictDetector._group_by_execution_level": {"executed_lines": [260, 261, 262, 264, 266, 267, 268, 269, 273, 274, 275, 277, 282, 284, 285, 286, 288], "summary": {"covered_lines": 17, "num_statements": 19, "percent_covered": 89.47368421052632, "percent_covered_display": "89", "missing_lines": 2, "excluded_lines": 0}, "missing_lines": [270, 279], "excluded_lines": []}, "ConflictDetector._filter_by_file_conflicts": {"executed_lines": [294, 295, 297, 298, 299, 302, 305, 306, 307, 311, 314], "summary": {"covered_lines": 11, "num_statements": 13, "percent_covered": 84.61538461538461, "percent_covered_display": "85", "missing_lines": 2, "excluded_lines": 0}, "missing_lines": [300, 312], "excluded_lines": []}, "ConflictDetector.get_conflict_report": {"executed_lines": [326, 328, 329, 330, 331, 332, 334, 335, 336, 338, 339, 342, 343, 344, 345, 346, 347, 350, 356, 357, 359, 360, 367, 370, 372, 373, 374, 375, 376, 379, 380, 381, 382, 384, 385, 386, 387, 391], "summary": {"covered_lines": 38, "num_statements": 39, "percent_covered": 97.43589743589743, "percent_covered_display": "97", "missing_lines": 1, "excluded_lines": 0}, "missing_lines": [389], "excluded_lines": []}, "": {"executed_lines": [1, 8, 9, 11, 14, 15, 17, 18, 19, 22, 23, 25, 26, 27, 28, 31, 32, 34, 43, 54, 55, 57, 60, 91, 117, 166, 209, 221, 234, 245, 256, 290, 316], "summary": {"covered_lines": 28, "num_statements": 28, "percent_covered": 100.0, "percent_covered_display": "100", "missing_lines": 0, "excluded_lines": 0}, "missing_lines": [], "excluded_lines": []}}, "classes": {"ConflictType": {"executed_lines": [], "summary": {"covered_lines": 0, "num_statements": 0, "percent_covered": 100.0, "percent_covered_display": "100", "missing_lines": 0, "excluded_lines": 0}, "missing_lines": [], "excluded_lines": []}, "ConflictSeverity": {"executed_lines": [], "summary": {"covered_lines": 0, "num_statements": 0, "percent_covered": 100.0, "percent_covered_display": "100", "missing_lines": 0, "excluded_lines": 0}, "missing_lines": [], "excluded_lines": []}, "Conflict": {"executed_lines": [37, 38, 39, 40, 41, 45], "summary": {"covered_lines": 6, "num_statements": 6, "percent_covered": 100.0, "percent_covered_display": "100", "missing_lines": 0, "excluded_lines": 0}, "missing_lines": [], "excluded_lines": []}, "ConflictDetector": {"executed_lines": [58, 70, 71, 73, 74, 76, 77, 78, 80, 87, 89, 103, 106, 107, 113, 115, 129, 130, 131, 132, 135, 136, 140, 141, 144, 146, 150, 151, 153, 155, 156, 158, 159, 161, 162, 164, 180, 182, 183, 184, 185, 192, 193, 196, 197, 198, 199, 200, 201, 202, 203, 205, 207, 211, 213, 214, 215, 216, 217, 219, 223, 225, 226, 227, 228, 229, 230, 236, 238, 239, 240, 241, 247, 249, 250, 251, 252, 254, 260, 261, 262, 264, 266, 267, 268, 269, 273, 274, 275, 277, 282, 284, 285, 286, 288, 294, 295, 297, 298, 299, 302, 305, 306, 307, 311, 314, 326, 328, 329, 330, 331, 332, 334, 335, 336, 338, 339, 342, 343, 344, 345, 346, 347, 350, 356, 357, 359, 360, 367, 370, 372, 373, 374, 375, 376, 379, 380, 381, 382, 384, 385, 386, 387, 391], "summary": {"covered_lines": 144, "num_statements": 154, "percent_covered": 93.50649350649351, "percent_covered_display": "94", "missing_lines": 10, "excluded_lines": 0}, "missing_lines": [108, 110, 147, 232, 243, 270, 279, 300, 312, 389], "excluded_lines": []}, "": {"executed_lines": [1, 8, 9, 11, 14, 15, 17, 18, 19, 22, 23, 25, 26, 27, 28, 31, 32, 34, 43, 54, 55, 57, 60, 91, 117, 166, 209, 221, 234, 245, 256, 290, 316], "summary": {"covered_lines": 28, "num_statements": 28, "percent_covered": 100.0, "percent_covered_display": "100", "missing_lines": 0, "excluded_lines": 0}, "missing_lines": [], "excluded_lines": []}}}, "src/cmw/coordinator.py": {"executed_lines": [1, 7, 8, 9, 10, 13, 14, 16, 23, 24, 25, 26, 27, 30, 32, 34, 37, 38, 41, 42, 43, 46, 57, 58, 59, 61, 63, 64, 65, 66, 68, 69, 70, 71, 72, 73, 74, 76, 77, 81, 85, 86, 88, 98, 100, 116, 117, 120, 121, 123, 124, 126, 127, 129, 132, 134, 136, 139, 141, 142, 144, 151, 153, 154, 155, 158, 159, 160, 161, 165, 166, 168], "summary": {"covered_lines": 70, "num_statements": 80, "percent_covered": 87.5, "percent_covered_display": "88", "missing_lines": 10, "excluded_lines": 0}, "missing_lines": [35, 47, 54, 78, 80, 82, 84, 118, 162, 163], "excluded_lines": [], "functions": {"Coordinator.__init__": {"executed_lines": [23, 24, 25, 26, 27, 30], "summary": {"covered_lines": 6, "num_statements": 6, "percent_covered": 100.0, "percent_covered_display": "100", "missing_lines": 0, "excluded_lines": 0}, "missing_lines": [], "excluded_lines": []}, "Coordinator._load_tasks": {"executed_lines": [34, 37, 38, 41, 42, 43, 46, 57, 58, 59, 61, 63, 64, 65, 66, 68, 69, 70, 71, 72, 73, 74, 76, 77, 81, 85, 86], "summary": {"covered_lines": 27, "num_statements": 34, "percent_covered": 79.41176470588235, "percent_covered_display": "79", "missing_lines": 7, "excluded_lines": 0}, "missing_lines": [35, 47, 54, 78, 80, 82, 84], "excluded_lines": []}, "Coordinator.get_task": {"executed_lines": [98], "summary": {"covered_lines": 1, "num_statements": 1, "percent_covered": 100.0, "percent_covered_display": "100", "missing_lines": 0, "excluded_lines": 0}, "missing_lines": [], "excluded_lines": []}, "Coordinator.update_task_status": {"executed_lines": [116, 117, 120, 121, 123, 124, 126, 127, 129, 132], "summary": {"covered_lines": 10, "num_statements": 11, "percent_covered": 90.9090909090909, "percent_covered_display": "91", "missing_lines": 1, "excluded_lines": 0}, "missing_lines": [118], "excluded_lines": []}, "Coordinator._save_progress": {"executed_lines": [136, 139, 141, 142], "summary": {"covered_lines": 4, "num_statements": 4, "percent_covered": 100.0, "percent_covered_display": "100", "missing_lines": 0, "excluded_lines": 0}, "missing_lines": [], "excluded_lines": []}, "Coordinator.get_executable_tasks": {"executed_lines": [151, 153, 154, 155, 158, 159, 160, 161, 165, 166, 168], "summary": {"covered_lines": 11, "num_statements": 13, "percent_covered": 84.61538461538461, "percent_covered_display": "85", "missing_lines": 2, "excluded_lines": 0}, "missing_lines": [162, 163], "excluded_lines": []}, "": {"executed_lines": [1, 7, 8, 9, 10, 13, 14, 16, 32, 88, 100, 134, 144], "summary": {"covered_lines": 11, "num_statements": 11, "percent_covered": 100.0, "percent_covered_display": "100", "missing_lines": 0, "excluded_lines": 0}, "missing_lines": [], "excluded_lines": []}}, "classes": {"Coordinator": {"executed_lines": [23, 24, 25, 26, 27, 30, 34, 37, 38, 41, 42, 43, 46, 57, 58, 59, 61, 63, 64, 65, 66, 68, 69, 70, 71, 72, 73, 74, 76, 77, 81, 85, 86, 98, 116, 117, 120, 121, 123, 124, 126, 127, 129, 132, 136, 139, 141, 142, 151, 153, 154, 155, 158, 159, 160, 161, 165, 166, 168], "summary": {"covered_lines": 59, "num_statements": 69, "percent_covered": 85.5072463768116, "percent_covered_display": "86", "missing_lines": 10, "excluded_lines": 0}, "missing_lines": [35, 47, 54, 78, 80, 82, 84, 118, 162, 163], "excluded_lines": []}, "": {"executed_lines": [1, 7, 8, 9, 10, 13, 14, 16, 32, 88, 100, 134, 144], "summary": {"covered_lines": 11, "num_statements": 11, "percent_covered": 100.0, "percent_covered_display": "100", "missing_lines": 0, "excluded_lines": 0}, "missing_lines": [], "excluded_lines": []}}}, "src/cmw/dashboard.py": {"executed_lines": [1, 7, 8, 9, 10, 11, 12, 14, 15, 18, 19, 21, 22, 24, 26, 27, 28, 29, 30, 32, 33, 34, 36, 38, 40, 53, 54, 55, 57, 59, 61, 63, 69, 71, 73, 75, 76, 77, 78, 79, 80, 81, 82, 84, 86, 87, 88, 89, 90, 92, 102, 104, 106, 108, 109, 110, 111, 112, 113, 114, 116, 117, 118, 119, 121, 130, 132, 134, 135, 137, 138, 139, 140, 142, 144, 145, 146, 147, 149, 151, 153, 155, 156, 157, 158, 159, 160, 163, 165, 173, 176, 177, 180, 181, 184, 185, 187, 189, 191, 196, 197, 200, 202, 204, 206, 208, 213, 214, 215, 216, 219, 228, 229, 230, 234], "summary": {"covered_lines": 113, "num_statements": 113, "percent_covered": 100.0, "percent_covered_display": "100", "missing_lines": 0, "excluded_lines": 0}, "missing_lines": [], "excluded_lines": [], "functions": {"Dashboard.__init__": {"executed_lines": [22], "summary": {"covered_lines": 1, "num_statements": 1, "percent_covered": 100.0, "percent_covered_display": "100", "missing_lines": 0, "excluded_lines": 0}, "missing_lines": [], "excluded_lines": []}, "Dashboard.format_duration": {"executed_lines": [26, 27, 28, 29, 30, 32, 33, 34], "summary": {"covered_lines": 8, "num_statements": 8, "percent_covered": 100.0, "percent_covered_display": "100", "missing_lines": 0, "excluded_lines": 0}, "missing_lines": [], "excluded_lines": []}, "Dashboard.create_summary_panel": {"executed_lines": [38, 40, 53, 54, 55, 57], "summary": {"covered_lines": 6, "num_statements": 6, "percent_covered": 100.0, "percent_covered_display": "100", "missing_lines": 0, "excluded_lines": 0}, "missing_lines": [], "excluded_lines": []}, "Dashboard.create_velocity_panel": {"executed_lines": [61, 63, 69], "summary": {"covered_lines": 3, "num_statements": 3, "percent_covered": 100.0, "percent_covered_display": "100", "missing_lines": 0, "excluded_lines": 0}, "missing_lines": [], "excluded_lines": []}, "Dashboard.create_priority_table": {"executed_lines": [73, 75, 76, 77, 78, 79, 80, 81, 82, 84, 86, 87, 88, 89, 90, 92, 102], "summary": {"covered_lines": 17, "num_statements": 17, "percent_covered": 100.0, "percent_covered_display": "100", "missing_lines": 0, "excluded_lines": 0}, "missing_lines": [], "excluded_lines": []}, "Dashboard.create_worker_table": {"executed_lines": [106, 108, 109, 110, 111, 112, 113, 114, 116, 117, 118, 119, 121, 130], "summary": {"covered_lines": 14, "num_statements": 14, "percent_covered": 100.0, "percent_covered_display": "100", "missing_lines": 0, "excluded_lines": 0}, "missing_lines": [], "excluded_lines": []}, "Dashboard.create_recent_tasks_table": {"executed_lines": [134, 135, 137, 138, 139, 140, 142, 144, 145, 146, 147, 149, 151], "summary": {"covered_lines": 13, "num_statements": 13, "percent_covered": 100.0, "percent_covered_display": "100", "missing_lines": 0, "excluded_lines": 0}, "missing_lines": [], "excluded_lines": []}, "Dashboard.show_dashboard": {"executed_lines": [155, 156, 157, 158, 159, 160, 163, 165, 173, 176, 177, 180, 181, 184, 185], "summary": {"covered_lines": 15, "num_statements": 15, "percent_covered": 100.0, "percent_covered_display": "100", "missing_lines": 0, "excluded_lines": 0}, "missing_lines": [], "excluded_lines": []}, "Dashboard.show_progress_bar": {"executed_lines": [189, 191, 196, 197, 200, 202], "summary": {"covered_lines": 6, "num_statements": 6, "percent_covered": 100.0, "percent_covered_display": "100", "missing_lines": 0, "excluded_lines": 0}, "missing_lines": [], "excluded_lines": []}, "Dashboard.show_compact_summary": {"executed_lines": [206, 208, 213, 214, 215, 216, 219, 228, 229, 230, 234], "summary": {"covered_lines": 11, "num_statements": 11, "percent_covered": 100.0, "percent_covered_display": "100", "missing_lines": 0, "excluded_lines": 0}, "missing_lines": [], "excluded_lines": []}, "": {"executed_lines": [1, 7, 8, 9, 10, 11, 12, 14, 15, 18, 19, 21, 24, 36, 59, 71, 104, 132, 153, 187, 204], "summary": {"covered_lines": 19, "num_statements": 19, "percent_covered": 100.0, "percent_covered_display": "100", "missing_lines": 0, "excluded_lines": 0}, "missing_lines": [], "excluded_lines": []}}, "classes": {"Dashboard": {"executed_lines": [22, 26, 27, 28, 29, 30, 32, 33, 34, 38, 40, 53, 54, 55, 57, 61, 63, 69, 73, 75, 76, 77, 78, 79, 80, 81, 82, 84, 86, 87, 88, 89, 90, 92, 102, 106, 108, 109, 110, 111, 112, 113, 114, 116, 117, 118, 119, 121, 130, 134, 135, 137, 138, 139, 140, 142, 144, 145, 146, 147, 149, 151, 155, 156, 157, 158, 159, 160, 163, 165, 173, 176, 177, 180, 181, 184, 185, 189, 191, 196, 197, 200, 202, 206, 208, 213, 214, 215, 216, 219, 228, 229, 230, 234], "summary": {"covered_lines": 94, "num_statements": 94, "percent_covered": 100.0, "percent_covered_display": "100", "missing_lines": 0, "excluded_lines": 0}, "missing_lines": [], "excluded_lines": []}, "": {"executed_lines": [1, 7, 8, 9, 10, 11, 12, 14, 15, 18, 19, 21, 24, 36, 59, 71, 104, 132, 153, 187, 204], "summary": {"covered_lines": 19, "num_statements": 19, "percent_covered": 100.0, "percent_covered_display": "100", "missing_lines": 0, "excluded_lines": 0}, "missing_lines": [], "excluded_lines": []}}}, "src/cmw/dependency_analyzer.py": {"executed_lines": [1, 8, 10, 11, 14, 15, 17, 22, 23, 24, 26, 34, 36, 38, 39, 42, 43, 46, 54, 56, 58, 59, 61, 62, 63, 64, 66, 68, 79, 81, 82, 90, 93, 94, 96, 97, 100, 101, 102, 103, 104, 109, 111, 119, 130, 131, 133, 143, 144, 146, 147, 148, 149, 151, 162, 164, 166, 168, 169, 171, 172, 174, 175, 177, 179, 186, 188, 189, 192, 193, 204, 205, 207, 209, 211, 213, 214, 218, 235, 238, 242, 244, 245, 246, 247, 250, 253, 254, 255, 261, 269, 271, 272, 274, 285, 286, 288, 289, 290, 292, 294, 301, 302, 303, 304, 306, 309, 312, 313, 316, 318], "summary": {"covered_lines": 109, "num_statements": 111, "percent_covered": 98.1981981981982, "percent_covered_display": "98", "missing_lines": 2, "excluded_lines": 0}, "missing_lines": [212, 216], "excluded_lines": [], "functions": {"DependencyAnalyzer.__init__": {"executed_lines": [22, 23, 24], "summary": {"covered_lines": 3, "num_statements": 3, "percent_covered": 100.0, "percent_covered_display": "100", "missing_lines": 0, "excluded_lines": 0}, "missing_lines": [], "excluded_lines": []}, "DependencyAnalyzer.get_executable_tasks": {"executed_lines": [34, 36, 38, 39, 42, 43, 46, 54], "summary": {"covered_lines": 8, "num_statements": 8, "percent_covered": 100.0, "percent_covered_display": "100", "missing_lines": 0, "excluded_lines": 0}, "missing_lines": [], "excluded_lines": []}, "DependencyAnalyzer._are_dependencies_met": {"executed_lines": [58, 59, 61, 62, 63, 64, 66], "summary": {"covered_lines": 7, "num_statements": 7, "percent_covered": 100.0, "percent_covered_display": "100", "missing_lines": 0, "excluded_lines": 0}, "missing_lines": [], "excluded_lines": []}, "DependencyAnalyzer.get_critical_path": {"executed_lines": [79, 81, 82, 90, 93, 94, 96, 97, 100, 101, 102, 103, 104, 109, 111], "summary": {"covered_lines": 15, "num_statements": 15, "percent_covered": 100.0, "percent_covered_display": "100", "missing_lines": 0, "excluded_lines": 0}, "missing_lines": [], "excluded_lines": []}, "DependencyAnalyzer.get_blocking_count": {"executed_lines": [130, 131], "summary": {"covered_lines": 2, "num_statements": 2, "percent_covered": 100.0, "percent_covered_display": "100", "missing_lines": 0, "excluded_lines": 0}, "missing_lines": [], "excluded_lines": []}, "DependencyAnalyzer.get_next_tasks_recommendation": {"executed_lines": [143, 144, 146, 147, 148, 149, 151, 162], "summary": {"covered_lines": 8, "num_statements": 8, "percent_covered": 100.0, "percent_covered_display": "100", "missing_lines": 0, "excluded_lines": 0}, "missing_lines": [], "excluded_lines": []}, "DependencyAnalyzer._get_recommendation_reason": {"executed_lines": [166, 168, 169, 171, 172, 174, 175, 177], "summary": {"covered_lines": 8, "num_statements": 8, "percent_covered": 100.0, "percent_covered_display": "100", "missing_lines": 0, "excluded_lines": 0}, "missing_lines": [], "excluded_lines": []}, "DependencyAnalyzer.analyze_bottlenecks": {"executed_lines": [186, 188, 189, 192, 193, 204, 205, 207], "summary": {"covered_lines": 8, "num_statements": 8, "percent_covered": 100.0, "percent_covered_display": "100", "missing_lines": 0, "excluded_lines": 0}, "missing_lines": [], "excluded_lines": []}, "DependencyAnalyzer._get_bottleneck_severity": {"executed_lines": [211, 213, 214], "summary": {"covered_lines": 3, "num_statements": 5, "percent_covered": 60.0, "percent_covered_display": "60", "missing_lines": 2, "excluded_lines": 0}, "missing_lines": [212, 216], "excluded_lines": []}, "DependencyAnalyzer.get_parallel_execution_plan": {"executed_lines": [235, 238, 242, 244, 245, 246, 247, 250, 253, 254, 255, 261], "summary": {"covered_lines": 12, "num_statements": 12, "percent_covered": 100.0, "percent_covered_display": "100", "missing_lines": 0, "excluded_lines": 0}, "missing_lines": [], "excluded_lines": []}, "DependencyAnalyzer.is_on_critical_path": {"executed_lines": [271, 272], "summary": {"covered_lines": 2, "num_statements": 2, "percent_covered": 100.0, "percent_covered_display": "100", "missing_lines": 0, "excluded_lines": 0}, "missing_lines": [], "excluded_lines": []}, "DependencyAnalyzer.get_task_impact_score": {"executed_lines": [285, 286, 288, 289, 290, 292], "summary": {"covered_lines": 6, "num_statements": 6, "percent_covered": 100.0, "percent_covered_display": "100", "missing_lines": 0, "excluded_lines": 0}, "missing_lines": [], "excluded_lines": []}, "DependencyAnalyzer.get_completion_forecast": {"executed_lines": [301, 302, 303, 304, 306, 309, 312, 313, 316, 318], "summary": {"covered_lines": 10, "num_statements": 10, "percent_covered": 100.0, "percent_covered_display": "100", "missing_lines": 0, "excluded_lines": 0}, "missing_lines": [], "excluded_lines": []}, "": {"executed_lines": [1, 8, 10, 11, 14, 15, 17, 26, 56, 68, 119, 133, 164, 179, 209, 218, 269, 274, 294], "summary": {"covered_lines": 17, "num_statements": 17, "percent_covered": 100.0, "percent_covered_display": "100", "missing_lines": 0, "excluded_lines": 0}, "missing_lines": [], "excluded_lines": []}}, "classes": {"DependencyAnalyzer": {"executed_lines": [22, 23, 24, 34, 36, 38, 39, 42, 43, 46, 54, 58, 59, 61, 62, 63, 64, 66, 79, 81, 82, 90, 93, 94, 96, 97, 100, 101, 102, 103, 104, 109, 111, 130, 131, 143, 144, 146, 147, 148, 149, 151, 162, 166, 168, 169, 171, 172, 174, 175, 177, 186, 188, 189, 192, 193, 204, 205, 207, 211, 213, 214, 235, 238, 242, 244, 245, 246, 247, 250, 253, 254, 255, 261, 271, 272, 285, 286, 288, 289, 290, 292, 301, 302, 303, 304, 306, 309, 312, 313, 316, 318], "summary": {"covered_lines": 92, "num_statements": 94, "percent_covered": 97.87234042553192, "percent_covered_display": "98", "missing_lines": 2, "excluded_lines": 0}, "missing_lines": [212, 216], "excluded_lines": []}, "": {"executed_lines": [1, 8, 10, 11, 14, 15, 17, 26, 56, 68, 119, 133, 164, 179, 209, 218, 269, 274, 294], "summary": {"covered_lines": 17, "num_statements": 17, "percent_covered": 100.0, "percent_covered_display": "100", "missing_lines": 0, "excluded_lines": 0}, "missing_lines": [], "excluded_lines": []}}}, "src/cmw/dependency_validator.py": {"executed_lines": [1, 7, 8, 9, 11, 14, 15, 17, 28, 30, 33, 34, 35, 37, 38, 40, 42, 43, 46, 47, 48, 50, 52, 56, 66, 68, 69, 70, 72, 74, 76, 101, 103, 104, 105, 107, 109, 120, 121, 124, 125, 126, 128, 129, 131, 135, 137, 138, 139, 150, 152, 154, 166, 169, 172, 173, 176, 177, 179, 180, 183, 184, 186, 191, 193, 203, 204, 205, 206, 208, 219, 222, 223, 224, 225, 228, 229, 230, 231, 233, 235, 252, 253, 254, 256, 257, 259, 260, 263, 266, 270, 271, 273, 274, 275, 285, 286, 287, 288, 289, 291, 293, 309, 310, 318, 319, 320, 321, 324, 325, 326, 327, 332, 333, 334, 336], "summary": {"covered_lines": 114, "num_statements": 119, "percent_covered": 95.7983193277311, "percent_covered_display": "96", "missing_lines": 5, "excluded_lines": 0}, "missing_lines": [53, 54, 132, 189, 267], "excluded_lines": [], "functions": {"DependencyValidator.detect_cycles": {"executed_lines": [28, 30, 33, 34, 35, 37, 38, 40, 42, 43, 46, 47, 48, 50, 52], "summary": {"covered_lines": 15, "num_statements": 17, "percent_covered": 88.23529411764706, "percent_covered_display": "88", "missing_lines": 2, "excluded_lines": 0}, "missing_lines": [53, 54], "excluded_lines": []}, "DependencyValidator._build_dependency_graph": {"executed_lines": [66, 68, 69, 70, 72, 74], "summary": {"covered_lines": 6, "num_statements": 6, "percent_covered": 100.0, "percent_covered_display": "100", "missing_lines": 0, "excluded_lines": 0}, "missing_lines": [], "excluded_lines": []}, "DependencyValidator.suggest_fixes": {"executed_lines": [101, 103, 104, 105, 107], "summary": {"covered_lines": 5, "num_statements": 5, "percent_covered": 100.0, "percent_covered_display": "100", "missing_lines": 0, "excluded_lines": 0}, "missing_lines": [], "excluded_lines": []}, "DependencyValidator._analyze_cycle": {"executed_lines": [120, 121, 124, 125, 126, 128, 129, 131, 135, 137, 138, 139, 150, 152], "summary": {"covered_lines": 14, "num_statements": 15, "percent_covered": 93.33333333333333, "percent_covered_display": "93", "missing_lines": 1, "excluded_lines": 0}, "missing_lines": [132], "excluded_lines": []}, "DependencyValidator._should_remove_edge": {"executed_lines": [166, 169, 172, 173, 176, 177, 179, 180, 183, 184, 186, 191], "summary": {"covered_lines": 12, "num_statements": 13, "percent_covered": 92.3076923076923, "percent_covered_display": "92", "missing_lines": 1, "excluded_lines": 0}, "missing_lines": [189], "excluded_lines": []}, "DependencyValidator._extract_section_number": {"executed_lines": [203, 204, 205, 206], "summary": {"covered_lines": 4, "num_statements": 4, "percent_covered": 100.0, "percent_covered_display": "100", "missing_lines": 0, "excluded_lines": 0}, "missing_lines": [], "excluded_lines": []}, "DependencyValidator._calculate_confidence": {"executed_lines": [219, 222, 223, 224, 225, 228, 229, 230, 231, 233], "summary": {"covered_lines": 10, "num_statements": 10, "percent_covered": 100.0, "percent_covered_display": "100", "missing_lines": 0, "excluded_lines": 0}, "missing_lines": [], "excluded_lines": []}, "DependencyValidator.auto_fix_cycles": {"executed_lines": [252, 253, 254, 256, 257, 259, 260, 263, 266, 270, 271, 273, 274, 275, 285, 286, 287, 288, 289, 291], "summary": {"covered_lines": 20, "num_statements": 21, "percent_covered": 95.23809523809524, "percent_covered_display": "95", "missing_lines": 1, "excluded_lines": 0}, "missing_lines": [267], "excluded_lines": []}, "DependencyValidator.validate_dependencies": {"executed_lines": [309, 310, 318, 319, 320, 321, 324, 325, 326, 327, 332, 333, 334, 336], "summary": {"covered_lines": 14, "num_statements": 14, "percent_covered": 100.0, "percent_covered_display": "100", "missing_lines": 0, "excluded_lines": 0}, "missing_lines": [], "excluded_lines": []}, "": {"executed_lines": [1, 7, 8, 9, 11, 14, 15, 17, 56, 76, 109, 154, 193, 208, 235, 293], "summary": {"covered_lines": 14, "num_statements": 14, "percent_covered": 100.0, "percent_covered_display": "100", "missing_lines": 0, "excluded_lines": 0}, "missing_lines": [], "excluded_lines": []}}, "classes": {"DependencyValidator": {"executed_lines": [28, 30, 33, 34, 35, 37, 38, 40, 42, 43, 46, 47, 48, 50, 52, 66, 68, 69, 70, 72, 74, 101, 103, 104, 105, 107, 120, 121, 124, 125, 126, 128, 129, 131, 135, 137, 138, 139, 150, 152, 166, 169, 172, 173, 176, 177, 179, 180, 183, 184, 186, 191, 203, 204, 205, 206, 219, 222, 223, 224, 225, 228, 229, 230, 231, 233, 252, 253, 254, 256, 257, 259, 260, 263, 266, 270, 271, 273, 274, 275, 285, 286, 287, 288, 289, 291, 309, 310, 318, 319, 320, 321, 324, 325, 326, 327, 332, 333, 334, 336], "summary": {"covered_lines": 100, "num_statements": 105, "percent_covered": 95.23809523809524, "percent_covered_display": "95", "missing_lines": 5, "excluded_lines": 0}, "missing_lines": [53, 54, 132, 189, 267], "excluded_lines": []}, "": {"executed_lines": [1, 7, 8, 9, 11, 14, 15, 17, 56, 76, 109, 154, 193, 208, 235, 293], "summary": {"covered_lines": 14, "num_statements": 14, "percent_covered": 100.0, "percent_covered_display": "100", "missing_lines": 0, "excluded_lines": 0}, "missing_lines": [], "excluded_lines": []}}}, "src/cmw/error_handler.py": {"executed_lines": [1, 10, 11, 12, 13, 15, 18, 19, 21, 22, 23, 24, 27, 28, 30, 35, 36, 38, 53, 54, 57, 58, 59, 62, 65, 66, 69, 73, 75, 85, 86, 88, 89, 90, 92, 93, 94, 95, 96, 97, 103, 104, 106, 108, 119, 120, 122, 125, 126, 127, 129, 130, 131, 133, 137, 138, 139, 143, 147, 154, 155, 158, 159, 163, 167, 179, 181, 192, 194, 196, 197, 198, 199, 201, 202, 206, 208, 216, 224, 225, 228, 229, 230, 232, 234, 237, 238, 241, 242, 244, 246, 249, 250, 253, 259, 260, 261, 263, 265, 268, 269, 270, 271, 272], "summary": {"covered_lines": 101, "num_statements": 112, "percent_covered": 90.17857142857143, "percent_covered_display": "90", "missing_lines": 11, "excluded_lines": 0}, "missing_lines": [70, 98, 99, 100, 134, 135, 144, 145, 148, 149, 164], "excluded_lines": [], "functions": {"ErrorHandler.__init__": {"executed_lines": [35, 36], "summary": {"covered_lines": 2, "num_statements": 2, "percent_covered": 100.0, "percent_covered_display": "100", "missing_lines": 0, "excluded_lines": 0}, "missing_lines": [], "excluded_lines": []}, "ErrorHandler.handle_task_failure": {"executed_lines": [53, 54, 57, 58, 59, 62, 65, 66, 69, 73], "summary": {"covered_lines": 10, "num_statements": 11, "percent_covered": 90.9090909090909, "percent_covered_display": "91", "missing_lines": 1, "excluded_lines": 0}, "missing_lines": [70], "excluded_lines": []}, "ErrorHandler.rollback_partial_work": {"executed_lines": [85, 86, 88, 89, 90, 92, 93, 94, 95, 96, 97, 103, 104, 106], "summary": {"covered_lines": 14, "num_statements": 17, "percent_covered": 82.3529411764706, "percent_covered_display": "82", "missing_lines": 3, "excluded_lines": 0}, "missing_lines": [98, 99, 100], "excluded_lines": []}, "ErrorHandler.suggest_recovery": {"executed_lines": [119, 120, 122, 125, 126, 127, 129, 130, 131, 133, 137, 138, 139, 143, 147, 154, 155, 158, 159, 163, 167, 179], "summary": {"covered_lines": 22, "num_statements": 29, "percent_covered": 75.86206896551724, "percent_covered_display": "76", "missing_lines": 7, "excluded_lines": 0}, "missing_lines": [134, 135, 144, 145, 148, 149, 164], "excluded_lines": []}, "ErrorHandler.get_affected_tasks": {"executed_lines": [192, 194, 201, 202], "summary": {"covered_lines": 4, "num_statements": 4, "percent_covered": 100.0, "percent_covered_display": "100", "missing_lines": 0, "excluded_lines": 0}, "missing_lines": [], "excluded_lines": []}, "ErrorHandler.get_affected_tasks.find_dependents": {"executed_lines": [196, 197, 198, 199], "summary": {"covered_lines": 4, "num_statements": 4, "percent_covered": 100.0, "percent_covered_display": "100", "missing_lines": 0, "excluded_lines": 0}, "missing_lines": [], "excluded_lines": []}, "ErrorHandler._is_retryable_error": {"executed_lines": [208, 216, 224, 225, 228, 229, 230, 232], "summary": {"covered_lines": 8, "num_statements": 8, "percent_covered": 100.0, "percent_covered_display": "100", "missing_lines": 0, "excluded_lines": 0}, "missing_lines": [], "excluded_lines": []}, "ErrorHandler._is_skippable_task": {"executed_lines": [237, 238, 241, 242, 244], "summary": {"covered_lines": 5, "num_statements": 5, "percent_covered": 100.0, "percent_covered_display": "100", "missing_lines": 0, "excluded_lines": 0}, "missing_lines": [], "excluded_lines": []}, "ErrorHandler._should_rollback": {"executed_lines": [249, 250, 253, 259, 260, 261, 263], "summary": {"covered_lines": 7, "num_statements": 7, "percent_covered": 100.0, "percent_covered_display": "100", "missing_lines": 0, "excluded_lines": 0}, "missing_lines": [], "excluded_lines": []}, "ErrorHandler._extract_module_name": {"executed_lines": [268, 269, 270, 271, 272], "summary": {"covered_lines": 5, "num_statements": 5, "percent_covered": 100.0, "percent_covered_display": "100", "missing_lines": 0, "excluded_lines": 0}, "missing_lines": [], "excluded_lines": []}, "": {"executed_lines": [1, 10, 11, 12, 13, 15, 18, 19, 21, 22, 23, 24, 27, 28, 30, 38, 75, 108, 181, 206, 234, 246, 265], "summary": {"covered_lines": 20, "num_statements": 20, "percent_covered": 100.0, "percent_covered_display": "100", "missing_lines": 0, "excluded_lines": 0}, "missing_lines": [], "excluded_lines": []}}, "classes": {"TaskFailureAction": {"executed_lines": [], "summary": {"covered_lines": 0, "num_statements": 0, "percent_covered": 100.0, "percent_covered_display": "100", "missing_lines": 0, "excluded_lines": 0}, "missing_lines": [], "excluded_lines": []}, "ErrorHandler": {"executed_lines": [35, 36, 53, 54, 57, 58, 59, 62, 65, 66, 69, 73, 85, 86, 88, 89, 90, 92, 93, 94, 95, 96, 97, 103, 104, 106, 119, 120, 122, 125, 126, 127, 129, 130, 131, 133, 137, 138, 139, 143, 147, 154, 155, 158, 159, 163, 167, 179, 192, 194, 196, 197, 198, 199, 201, 202, 208, 216, 224, 225, 228, 229, 230, 232, 237, 238, 241, 242, 244, 249, 250, 253, 259, 260, 261, 263, 268, 269, 270, 271, 272], "summary": {"covered_lines": 81, "num_statements": 92, "percent_covered": 88.04347826086956, "percent_covered_display": "88", "missing_lines": 11, "excluded_lines": 0}, "missing_lines": [70, 98, 99, 100, 134, 135, 144, 145, 148, 149, 164], "excluded_lines": []}, "": {"executed_lines": [1, 10, 11, 12, 13, 15, 18, 19, 21, 22, 23, 24, 27, 28, 30, 38, 75, 108, 181, 206, 234, 246, 265], "summary": {"covered_lines": 20, "num_statements": 20, "percent_covered": 100.0, "percent_covered_display": "100", "missing_lines": 0, "excluded_lines": 0}, "missing_lines": [], "excluded_lines": []}}}, "src/cmw/feedback.py": {"executed_lines": [1, 10, 11, 13, 14, 17, 18, 20, 25, 26, 28, 35, 36, 37, 40, 48, 49, 51, 52, 53, 54, 55, 58, 61, 76, 78, 89, 90, 93, 169, 178, 181, 194, 195, 197, 199, 207, 210, 215, 220, 225, 226, 227, 228, 229, 230, 232, 233, 234, 235, 236, 237, 239, 240, 241, 242, 245, 246, 247, 249, 250, 251, 253, 255, 256, 258, 268, 276, 278, 289, 290, 291, 292, 294, 295, 296, 297, 299, 300, 301, 302, 303, 304, 305, 307, 308, 309, 310, 311, 313, 315, 325, 326, 329, 331, 332, 335, 336, 338, 351, 355, 357, 359, 361, 362, 365, 366, 369, 370, 373, 374, 377, 386, 388, 390, 391, 392, 393, 394], "summary": {"covered_lines": 117, "num_statements": 117, "percent_covered": 100.0, "percent_covered_display": "100", "missing_lines": 0, "excluded_lines": 0}, "missing_lines": [], "excluded_lines": [], "functions": {"FeedbackManager.__init__": {"executed_lines": [25, 26], "summary": {"covered_lines": 2, "num_statements": 2, "percent_covered": 100.0, "percent_covered_display": "100", "missing_lines": 0, "excluded_lines": 0}, "missing_lines": [], "excluded_lines": []}, "FeedbackManager.report_progress": {"executed_lines": [35, 36, 37, 40, 48, 49, 51, 52, 53, 54, 55, 58, 61, 76], "summary": {"covered_lines": 14, "num_statements": 14, "percent_covered": 100.0, "percent_covered_display": "100", "missing_lines": 0, "excluded_lines": 0}, "missing_lines": [], "excluded_lines": []}, "FeedbackManager.explain_error": {"executed_lines": [89, 90, 93, 169, 178, 181, 194, 195, 197], "summary": {"covered_lines": 9, "num_statements": 9, "percent_covered": 100.0, "percent_covered_display": "100", "missing_lines": 0, "excluded_lines": 0}, "missing_lines": [], "excluded_lines": []}, "FeedbackManager.show_next_steps": {"executed_lines": [207, 210, 215, 220, 225, 226, 227, 228, 229, 230, 232, 233, 234, 235, 236, 237, 239, 240, 241, 242, 245, 246, 247, 249, 250, 251, 253, 255, 256], "summary": {"covered_lines": 29, "num_statements": 29, "percent_covered": 100.0, "percent_covered_display": "100", "missing_lines": 0, "excluded_lines": 0}, "missing_lines": [], "excluded_lines": []}, "FeedbackManager.get_task_summary": {"executed_lines": [268, 276, 278, 289, 290, 291, 292, 294, 295, 296, 297, 299, 300, 301, 302, 303, 304, 305, 307, 308, 309, 310, 311, 313], "summary": {"covered_lines": 24, "num_statements": 24, "percent_covered": 100.0, "percent_covered_display": "100", "missing_lines": 0, "excluded_lines": 0}, "missing_lines": [], "excluded_lines": []}, "FeedbackManager.estimate_remaining_time": {"executed_lines": [325, 326, 329, 331, 332, 335, 336, 338, 351], "summary": {"covered_lines": 9, "num_statements": 9, "percent_covered": 100.0, "percent_covered_display": "100", "missing_lines": 0, "excluded_lines": 0}, "missing_lines": [], "excluded_lines": []}, "FeedbackManager._get_ready_tasks": {"executed_lines": [357, 359, 361, 362, 365, 366, 369, 370, 373, 374, 377, 386], "summary": {"covered_lines": 12, "num_statements": 12, "percent_covered": 100.0, "percent_covered_display": "100", "missing_lines": 0, "excluded_lines": 0}, "missing_lines": [], "excluded_lines": []}, "FeedbackManager._are_dependencies_met": {"executed_lines": [390, 391, 392, 393, 394], "summary": {"covered_lines": 5, "num_statements": 5, "percent_covered": 100.0, "percent_covered_display": "100", "missing_lines": 0, "excluded_lines": 0}, "missing_lines": [], "excluded_lines": []}, "": {"executed_lines": [1, 10, 11, 13, 14, 17, 18, 20, 28, 78, 199, 258, 315, 355, 388], "summary": {"covered_lines": 13, "num_statements": 13, "percent_covered": 100.0, "percent_covered_display": "100", "missing_lines": 0, "excluded_lines": 0}, "missing_lines": [], "excluded_lines": []}}, "classes": {"FeedbackManager": {"executed_lines": [25, 26, 35, 36, 37, 40, 48, 49, 51, 52, 53, 54, 55, 58, 61, 76, 89, 90, 93, 169, 178, 181, 194, 195, 197, 207, 210, 215, 220, 225, 226, 227, 228, 229, 230, 232, 233, 234, 235, 236, 237, 239, 240, 241, 242, 245, 246, 247, 249, 250, 251, 253, 255, 256, 268, 276, 278, 289, 290, 291, 292, 294, 295, 296, 297, 299, 300, 301, 302, 303, 304, 305, 307, 308, 309, 310, 311, 313, 325, 326, 329, 331, 332, 335, 336, 338, 351, 357, 359, 361, 362, 365, 366, 369, 370, 373, 374, 377, 386, 390, 391, 392, 393, 394], "summary": {"covered_lines": 104, "num_statements": 104, "percent_covered": 100.0, "percent_covered_display": "100", "missing_lines": 0, "excluded_lines": 0}, "missing_lines": [], "excluded_lines": []}, "": {"executed_lines": [1, 10, 11, 13, 14, 17, 18, 20, 28, 78, 199, 258, 315, 355, 388], "summary": {"covered_lines": 13, "num_statements": 13, "percent_covered": 100.0, "percent_covered_display": "100", "missing_lines": 0, "excluded_lines": 0}, "missing_lines": [], "excluded_lines": []}}}, "src/cmw/git_integration.py": {"executed_lines": [1, 7, 8, 9, 10, 12, 13, 16, 17, 19, 21, 23, 44, 45, 48, 51, 54, 55, 56, 58, 59, 60, 61, 62, 63, 65, 67, 74, 76, 77, 79, 92, 94, 95, 97, 98, 104, 105, 106, 107, 109, 110, 111, 116, 118, 128, 130, 131, 133, 134, 136, 138, 153, 156, 158, 160, 174, 175, 178, 180, 181, 182, 183, 184, 185, 187, 189, 205, 208, 211, 212, 215, 216, 219, 220, 221, 222, 223, 227], "summary": {"covered_lines": 77, "num_statements": 81, "percent_covered": 95.06172839506173, "percent_covered_display": "95", "missing_lines": 4, "excluded_lines": 0}, "missing_lines": [101, 102, 112, 114], "excluded_lines": [], "functions": {"GitIntegration.__init__": {"executed_lines": [21], "summary": {"covered_lines": 1, "num_statements": 1, "percent_covered": 100.0, "percent_covered_display": "100", "missing_lines": 0, "excluded_lines": 0}, "missing_lines": [], "excluded_lines": []}, "GitIntegration.sync_progress_from_git": {"executed_lines": [44, 45, 48, 51, 54, 55, 56, 58, 59, 60, 61, 62, 63, 65, 67], "summary": {"covered_lines": 15, "num_statements": 15, "percent_covered": 100.0, "percent_covered_display": "100", "missing_lines": 0, "excluded_lines": 0}, "missing_lines": [], "excluded_lines": []}, "GitIntegration._is_git_repo": {"executed_lines": [76, 77], "summary": {"covered_lines": 2, "num_statements": 2, "percent_covered": 100.0, "percent_covered_display": "100", "missing_lines": 0, "excluded_lines": 0}, "missing_lines": [], "excluded_lines": []}, "GitIntegration._get_commit_log": {"executed_lines": [92, 94, 95, 97, 98, 104, 105, 106, 107, 109, 110, 111, 116], "summary": {"covered_lines": 13, "num_statements": 17, "percent_covered": 76.47058823529412, "percent_covered_display": "76", "missing_lines": 4, "excluded_lines": 0}, "missing_lines": [101, 102, 112, 114], "excluded_lines": []}, "GitIntegration._extract_task_ids": {"executed_lines": [128, 130, 131, 133, 134, 136], "summary": {"covered_lines": 6, "num_statements": 6, "percent_covered": 100.0, "percent_covered_display": "100", "missing_lines": 0, "excluded_lines": 0}, "missing_lines": [], "excluded_lines": []}, "GitIntegration.get_task_commits": {"executed_lines": [153, 156, 158], "summary": {"covered_lines": 3, "num_statements": 3, "percent_covered": 100.0, "percent_covered_display": "100", "missing_lines": 0, "excluded_lines": 0}, "missing_lines": [], "excluded_lines": []}, "GitIntegration.get_recent_activity": {"executed_lines": [174, 175, 178, 180, 181, 182, 183, 184, 185, 187], "summary": {"covered_lines": 10, "num_statements": 10, "percent_covered": 100.0, "percent_covered_display": "100", "missing_lines": 0, "excluded_lines": 0}, "missing_lines": [], "excluded_lines": []}, "GitIntegration.validate_task_references": {"executed_lines": [205, 208, 211, 212, 215, 216, 219, 220, 221, 222, 223, 227], "summary": {"covered_lines": 12, "num_statements": 12, "percent_covered": 100.0, "percent_covered_display": "100", "missing_lines": 0, "excluded_lines": 0}, "missing_lines": [], "excluded_lines": []}, "": {"executed_lines": [1, 7, 8, 9, 10, 12, 13, 16, 17, 19, 23, 74, 79, 118, 138, 160, 189], "summary": {"covered_lines": 15, "num_statements": 15, "percent_covered": 100.0, "percent_covered_display": "100", "missing_lines": 0, "excluded_lines": 0}, "missing_lines": [], "excluded_lines": []}}, "classes": {"GitIntegration": {"executed_lines": [21, 44, 45, 48, 51, 54, 55, 56, 58, 59, 60, 61, 62, 63, 65, 67, 76, 77, 92, 94, 95, 97, 98, 104, 105, 106, 107, 109, 110, 111, 116, 128, 130, 131, 133, 134, 136, 153, 156, 158, 174, 175, 178, 180, 181, 182, 183, 184, 185, 187, 205, 208, 211, 212, 215, 216, 219, 220, 221, 222, 223, 227], "summary": {"covered_lines": 62, "num_statements": 66, "percent_covered": 93.93939393939394, "percent_covered_display": "94", "missing_lines": 4, "excluded_lines": 0}, "missing_lines": [101, 102, 112, 114], "excluded_lines": []}, "": {"executed_lines": [1, 7, 8, 9, 10, 12, 13, 16, 17, 19, 23, 74, 79, 118, 138, 160, 189], "summary": {"covered_lines": 15, "num_statements": 15, "percent_covered": 100.0, "percent_covered_display": "100", "missing_lines": 0, "excluded_lines": 0}, "missing_lines": [], "excluded_lines": []}}}, "src/cmw/graph_visualizer.py": {"executed_lines": [1, 7, 8, 9, 10, 11, 13, 16, 17, 19, 24, 25, 27, 29, 32, 33, 36, 37, 38, 40, 42, 44, 53, 56, 60, 64, 67, 69, 71, 72, 73, 75, 78, 87, 88, 90, 93, 96, 98, 99, 102, 103, 106, 108, 109, 110, 111, 113, 119, 122, 124, 133, 134, 137, 138, 139, 140, 143, 153, 155, 161, 162, 163, 164, 193, 199, 200, 203, 205, 211, 212, 214, 215, 216, 217, 218, 221, 224, 225, 226, 227, 228, 230, 232, 239, 240, 242, 244, 245, 247, 249, 250, 252, 253, 254, 256, 260, 261, 263, 269, 275, 292, 293, 294, 295, 301, 302, 303, 304, 306, 307, 309, 311, 321, 322, 325, 326, 328, 330, 332, 335, 336, 337, 338, 340, 341, 343, 345, 354, 355, 358], "summary": {"covered_lines": 129, "num_statements": 153, "percent_covered": 84.31372549019608, "percent_covered_display": "84", "missing_lines": 24, "excluded_lines": 0}, "missing_lines": [61, 169, 172, 173, 176, 177, 178, 179, 180, 181, 182, 183, 184, 185, 186, 188, 191, 206, 208, 258, 265, 267, 297, 298], "excluded_lines": [], "functions": {"GraphVisualizer.__init__": {"executed_lines": [24, 25], "summary": {"covered_lines": 2, "num_statements": 2, "percent_covered": 100.0, "percent_covered_display": "100", "missing_lines": 0, "excluded_lines": 0}, "missing_lines": [], "excluded_lines": []}, "GraphVisualizer._build_graph": {"executed_lines": [29, 32, 33, 36, 37, 38, 40, 42], "summary": {"covered_lines": 8, "num_statements": 8, "percent_covered": 100.0, "percent_covered_display": "100", "missing_lines": 0, "excluded_lines": 0}, "missing_lines": [], "excluded_lines": []}, "GraphVisualizer.render_ascii": {"executed_lines": [53, 56, 60, 64, 67, 69, 102, 103, 106, 108, 109, 110, 111], "summary": {"covered_lines": 13, "num_statements": 14, "percent_covered": 92.85714285714286, "percent_covered_display": "93", "missing_lines": 1, "excluded_lines": 0}, "missing_lines": [61], "excluded_lines": []}, "GraphVisualizer.render_ascii.add_task_to_tree": {"executed_lines": [71, 72, 73, 75, 78, 87, 88, 90, 93, 96, 98, 99], "summary": {"covered_lines": 12, "num_statements": 12, "percent_covered": 100.0, "percent_covered_display": "100", "missing_lines": 0, "excluded_lines": 0}, "missing_lines": [], "excluded_lines": []}, "GraphVisualizer.render_mermaid": {"executed_lines": [119, 122, 124, 133, 134, 137, 138, 139, 140, 143, 153], "summary": {"covered_lines": 11, "num_statements": 11, "percent_covered": 100.0, "percent_covered_display": "100", "missing_lines": 0, "excluded_lines": 0}, "missing_lines": [], "excluded_lines": []}, "GraphVisualizer.export_graphviz": {"executed_lines": [161, 162, 163, 164], "summary": {"covered_lines": 4, "num_statements": 20, "percent_covered": 20.0, "percent_covered_display": "20", "missing_lines": 16, "excluded_lines": 0}, "missing_lines": [169, 172, 173, 176, 177, 178, 179, 180, 181, 182, 183, 184, 185, 186, 188, 191], "excluded_lines": []}, "GraphVisualizer.get_critical_path": {"executed_lines": [199, 200, 203, 205, 211, 212, 214, 215, 216, 217, 218, 221, 224, 225, 226, 227, 228, 230], "summary": {"covered_lines": 18, "num_statements": 20, "percent_covered": 90.0, "percent_covered_display": "90", "missing_lines": 2, "excluded_lines": 0}, "missing_lines": [206, 208], "excluded_lines": []}, "GraphVisualizer.get_parallel_groups": {"executed_lines": [239, 240, 242, 244, 245, 247, 249, 250, 252, 253, 254, 256, 260, 261, 263], "summary": {"covered_lines": 15, "num_statements": 18, "percent_covered": 83.33333333333333, "percent_covered_display": "83", "missing_lines": 3, "excluded_lines": 0}, "missing_lines": [258, 265, 267], "excluded_lines": []}, "GraphVisualizer.get_statistics": {"executed_lines": [275, 292, 293, 294, 295, 301, 302, 303, 304, 306, 307, 309], "summary": {"covered_lines": 12, "num_statements": 14, "percent_covered": 85.71428571428571, "percent_covered_display": "86", "missing_lines": 2, "excluded_lines": 0}, "missing_lines": [297, 298], "excluded_lines": []}, "GraphVisualizer.get_task_depth": {"executed_lines": [321, 322, 325, 326, 328, 330, 332, 335, 336, 337, 338, 340, 341, 343], "summary": {"covered_lines": 14, "num_statements": 14, "percent_covered": 100.0, "percent_covered_display": "100", "missing_lines": 0, "excluded_lines": 0}, "missing_lines": [], "excluded_lines": []}, "GraphVisualizer.get_dependent_tasks": {"executed_lines": [354, 355, 358], "summary": {"covered_lines": 3, "num_statements": 3, "percent_covered": 100.0, "percent_covered_display": "100", "missing_lines": 0, "excluded_lines": 0}, "missing_lines": [], "excluded_lines": []}, "": {"executed_lines": [1, 7, 8, 9, 10, 11, 13, 16, 17, 19, 27, 44, 113, 155, 193, 232, 269, 311, 345], "summary": {"covered_lines": 17, "num_statements": 17, "percent_covered": 100.0, "percent_covered_display": "100", "missing_lines": 0, "excluded_lines": 0}, "missing_lines": [], "excluded_lines": []}}, "classes": {"GraphVisualizer": {"executed_lines": [24, 25, 29, 32, 33, 36, 37, 38, 40, 42, 53, 56, 60, 64, 67, 69, 71, 72, 73, 75, 78, 87, 88, 90, 93, 96, 98, 99, 102, 103, 106, 108, 109, 110, 111, 119, 122, 124, 133, 134, 137, 138, 139, 140, 143, 153, 161, 162, 163, 164, 199, 200, 203, 205, 211, 212, 214, 215, 216, 217, 218, 221, 224, 225, 226, 227, 228, 230, 239, 240, 242, 244, 245, 247, 249, 250, 252, 253, 254, 256, 260, 261, 263, 275, 292, 293, 294, 295, 301, 302, 303, 304, 306, 307, 309, 321, 322, 325, 326, 328, 330, 332, 335, 336, 337, 338, 340, 341, 343, 354, 355, 358], "summary": {"covered_lines": 112, "num_statements": 136, "percent_covered": 82.3529411764706, "percent_covered_display": "82", "missing_lines": 24, "excluded_lines": 0}, "missing_lines": [61, 169, 172, 173, 176, 177, 178, 179, 180, 181, 182, 183, 184, 185, 186, 188, 191, 206, 208, 258, 265, 267, 297, 298], "excluded_lines": []}, "": {"executed_lines": [1, 7, 8, 9, 10, 11, 13, 16, 17, 19, 27, 44, 113, 155, 193, 232, 269, 311, 345], "summary": {"covered_lines": 17, "num_statements": 17, "percent_covered": 100.0, "percent_covered_display": "100", "missing_lines": 0, "excluded_lines": 0}, "missing_lines": [], "excluded_lines": []}}}, "src/cmw/interactive_fixer.py": {"executed_lines": [1, 7, 8, 9, 10, 11, 13, 14, 17, 18, 20, 22, 23, 25, 36, 40, 41, 42, 45, 47, 48, 49, 51, 54, 55, 56, 57, 58, 60, 61, 68, 71, 72, 78, 82, 88, 89, 90, 92, 94, 105, 106, 107, 109, 110, 112, 114, 127, 128, 129, 131, 132, 133, 134, 135, 136, 138, 139, 146, 154, 156, 160, 161, 163, 164, 165, 166, 167, 168, 169, 171, 182, 184, 197, 198, 200, 204, 206, 207, 208, 210, 211, 218, 222, 223, 224, 225, 227, 229, 231, 242, 244, 245, 250, 251, 254, 256, 257, 258, 259, 260, 261, 263, 264, 266, 276], "summary": {"covered_lines": 104, "num_statements": 108, "percent_covered": 96.29629629629629, "percent_covered_display": "96", "missing_lines": 4, "excluded_lines": 0}, "missing_lines": [80, 81, 84, 85], "excluded_lines": [], "functions": {"InteractiveFixer.__init__": {"executed_lines": [22, 23], "summary": {"covered_lines": 2, "num_statements": 2, "percent_covered": 100.0, "percent_covered_display": "100", "missing_lines": 0, "excluded_lines": 0}, "missing_lines": [], "excluded_lines": []}, "InteractiveFixer.fix_cycles_interactively": {"executed_lines": [36, 40, 41, 42, 45, 47, 48, 49, 51, 54, 55, 56, 57, 58, 60, 61, 68, 71, 72, 78, 82, 88, 89, 90, 92], "summary": {"covered_lines": 25, "num_statements": 29, "percent_covered": 86.20689655172414, "percent_covered_display": "86", "missing_lines": 4, "excluded_lines": 0}, "missing_lines": [80, 81, 84, 85], "excluded_lines": []}, "InteractiveFixer._apply_fix": {"executed_lines": [105, 106, 107, 109, 110, 112], "summary": {"covered_lines": 6, "num_statements": 6, "percent_covered": 100.0, "percent_covered_display": "100", "missing_lines": 0, "excluded_lines": 0}, "missing_lines": [], "excluded_lines": []}, "InteractiveFixer.select_tasks_interactively": {"executed_lines": [127, 128, 129, 131, 132, 133, 134, 135, 136, 138, 139, 146, 154, 156, 160, 161, 163, 164, 165, 166, 167, 168, 169], "summary": {"covered_lines": 23, "num_statements": 23, "percent_covered": 100.0, "percent_covered_display": "100", "missing_lines": 0, "excluded_lines": 0}, "missing_lines": [], "excluded_lines": []}, "InteractiveFixer.confirm_action": {"executed_lines": [182], "summary": {"covered_lines": 1, "num_statements": 1, "percent_covered": 100.0, "percent_covered_display": "100", "missing_lines": 0, "excluded_lines": 0}, "missing_lines": [], "excluded_lines": []}, "InteractiveFixer.fix_missing_dependencies_interactively": {"executed_lines": [197, 198, 200, 204, 206, 207, 208, 210, 211, 218, 222, 223, 224, 225, 227, 229], "summary": {"covered_lines": 16, "num_statements": 16, "percent_covered": 100.0, "percent_covered_display": "100", "missing_lines": 0, "excluded_lines": 0}, "missing_lines": [], "excluded_lines": []}, "InteractiveFixer.show_validation_report": {"executed_lines": [242, 244, 245, 250, 251, 254, 256, 257, 258, 259, 260, 261, 263, 264], "summary": {"covered_lines": 14, "num_statements": 14, "percent_covered": 100.0, "percent_covered_display": "100", "missing_lines": 0, "excluded_lines": 0}, "missing_lines": [], "excluded_lines": []}, "InteractiveFixer.confirm_save": {"executed_lines": [276], "summary": {"covered_lines": 1, "num_statements": 1, "percent_covered": 100.0, "percent_covered_display": "100", "missing_lines": 0, "excluded_lines": 0}, "missing_lines": [], "excluded_lines": []}, "": {"executed_lines": [1, 7, 8, 9, 10, 11, 13, 14, 17, 18, 20, 25, 94, 114, 171, 184, 231, 266], "summary": {"covered_lines": 16, "num_statements": 16, "percent_covered": 100.0, "percent_covered_display": "100", "missing_lines": 0, "excluded_lines": 0}, "missing_lines": [], "excluded_lines": []}}, "classes": {"InteractiveFixer": {"executed_lines": [22, 23, 36, 40, 41, 42, 45, 47, 48, 49, 51, 54, 55, 56, 57, 58, 60, 61, 68, 71, 72, 78, 82, 88, 89, 90, 92, 105, 106, 107, 109, 110, 112, 127, 128, 129, 131, 132, 133, 134, 135, 136, 138, 139, 146, 154, 156, 160, 161, 163, 164, 165, 166, 167, 168, 169, 182, 197, 198, 200, 204, 206, 207, 208, 210, 211, 218, 222, 223, 224, 225, 227, 229, 242, 244, 245, 250, 251, 254, 256, 257, 258, 259, 260, 261, 263, 264, 276], "summary": {"covered_lines": 88, "num_statements": 92, "percent_covered": 95.65217391304348, "percent_covered_display": "96", "missing_lines": 4, "excluded_lines": 0}, "missing_lines": [80, 81, 84, 85], "excluded_lines": []}, "": {"executed_lines": [1, 7, 8, 9, 10, 11, 13, 14, 17, 18, 20, 25, 94, 114, 171, 184, 231, 266], "summary": {"covered_lines": 16, "num_statements": 16, "percent_covered": 100.0, "percent_covered_display": "100", "missing_lines": 0, "excluded_lines": 0}, "missing_lines": [], "excluded_lines": []}}}, "src/cmw/models.py": {"executed_lines": [1, 7, 8, 9, 10, 13, 14, 16, 17, 18, 19, 20, 23, 24, 26, 27, 28, 31, 32, 33, 35, 36, 37, 38, 39, 40, 41, 42, 43, 44, 45, 46, 47, 48, 49, 50, 51, 53, 55, 56, 57, 58, 60, 62, 82, 83, 86, 87, 88, 91, 92, 94, 115, 116, 117, 119, 120, 121, 122, 123, 125, 136, 137, 138, 140, 141, 142, 143, 144, 145, 147], "summary": {"covered_lines": 65, "num_statements": 67, "percent_covered": 97.01492537313433, "percent_covered_display": "97", "missing_lines": 2, "excluded_lines": 0}, "missing_lines": [127, 149], "excluded_lines": [], "functions": {"Task.__post_init__": {"executed_lines": [55, 56, 57, 58], "summary": {"covered_lines": 4, "num_statements": 4, "percent_covered": 100.0, "percent_covered_display": "100", "missing_lines": 0, "excluded_lines": 0}, "missing_lines": [], "excluded_lines": []}, "Task.to_dict": {"executed_lines": [62], "summary": {"covered_lines": 1, "num_statements": 1, "percent_covered": 100.0, "percent_covered_display": "100", "missing_lines": 0, "excluded_lines": 0}, "missing_lines": [], "excluded_lines": []}, "Task.from_dict": {"executed_lines": [86, 87, 88, 91, 92, 94], "summary": {"covered_lines": 6, "num_statements": 6, "percent_covered": 100.0, "percent_covered_display": "100", "missing_lines": 0, "excluded_lines": 0}, "missing_lines": [], "excluded_lines": []}, "Worker.to_dict": {"executed_lines": [], "summary": {"covered_lines": 0, "num_statements": 1, "percent_covered": 0.0, "percent_covered_display": "0", "missing_lines": 1, "excluded_lines": 0}, "missing_lines": [127], "excluded_lines": []}, "ExecutionResult.to_dict": {"executed_lines": [], "summary": {"covered_lines": 0, "num_statements": 1, "percent_covered": 0.0, "percent_covered_display": "0", "missing_lines": 1, "excluded_lines": 0}, "missing_lines": [149], "excluded_lines": []}, "": {"executed_lines": [1, 7, 8, 9, 10, 13, 14, 16, 17, 18, 19, 20, 23, 24, 26, 27, 28, 31, 32, 33, 35, 36, 37, 38, 39, 40, 41, 42, 43, 44, 45, 46, 47, 48, 49, 50, 51, 53, 60, 82, 83, 115, 116, 117, 119, 120, 121, 122, 123, 125, 136, 137, 138, 140, 141, 142, 143, 144, 145, 147], "summary": {"covered_lines": 54, "num_statements": 54, "percent_covered": 100.0, "percent_covered_display": "100", "missing_lines": 0, "excluded_lines": 0}, "missing_lines": [], "excluded_lines": []}}, "classes": {"TaskStatus": {"executed_lines": [], "summary": {"covered_lines": 0, "num_statements": 0, "percent_covered": 100.0, "percent_covered_display": "100", "missing_lines": 0, "excluded_lines": 0}, "missing_lines": [], "excluded_lines": []}, "Priority": {"executed_lines": [], "summary": {"covered_lines": 0, "num_statements": 0, "percent_covered": 100.0, "percent_covered_display": "100", "missing_lines": 0, "excluded_lines": 0}, "missing_lines": [], "excluded_lines": []}, "Task": {"executed_lines": [55, 56, 57, 58, 62, 86, 87, 88, 91, 92, 94], "summary": {"covered_lines": 11, "num_statements": 11, "percent_covered": 100.0, "percent_covered_display": "100", "missing_lines": 0, "excluded_lines": 0}, "missing_lines": [], "excluded_lines": []}, "Worker": {"executed_lines": [], "summary": {"covered_lines": 0, "num_statements": 1, "percent_covered": 0.0, "percent_covered_display": "0", "missing_lines": 1, "excluded_lines": 0}, "missing_lines": [127], "excluded_lines": []}, "ExecutionResult": {"executed_lines": [], "summary": {"covered_lines": 0, "num_statements": 1, "percent_covered": 0.0, "percent_covered_display": "0", "missing_lines": 1, "excluded_lines": 0}, "missing_lines": [149], "excluded_lines": []}, "": {"executed_lines": [1, 7, 8, 9, 10, 13, 14, 16, 17, 18, 19, 20, 23, 24, 26, 27, 28, 31, 32, 33, 35, 36, 37, 38, 39, 40, 41, 42, 43, 44, 45, 46, 47, 48, 49, 50, 51, 53, 60, 82, 83, 115, 116, 117, 119, 120, 121, 122, 123, 125, 136, 137, 138, 140, 141, 142, 143, 144, 145, 147], "summary": {"covered_lines": 54, "num_statements": 54, "percent_covered": 100.0, "percent_covered_display": "100", "missing_lines": 0, "excluded_lines": 0}, "missing_lines": [], "excluded_lines": []}}}, "src/cmw/parallel_executor.py": {"executed_lines": [1, 10, 11, 12, 13, 16, 17, 19, 20, 21, 23, 34, 36, 40, 41, 43, 44, 45, 47, 50, 51, 52, 54, 56, 66, 67, 70, 72, 82, 83, 85, 87, 88, 91, 92, 94, 95, 96, 97, 99, 100, 105, 109, 111, 112, 115, 116, 118, 119, 122, 123, 125, 127, 133, 136, 137, 138, 139, 141], "summary": {"covered_lines": 57, "num_statements": 59, "percent_covered": 96.61016949152543, "percent_covered_display": "97", "missing_lines": 2, "excluded_lines": 0}, "missing_lines": [37, 103], "excluded_lines": [], "functions": {"ParallelExecutor.__init__": {"executed_lines": [20, 21], "summary": {"covered_lines": 2, "num_statements": 2, "percent_covered": 100.0, "percent_covered_display": "100", "missing_lines": 0, "excluded_lines": 0}, "missing_lines": [], "excluded_lines": []}, "ParallelExecutor.get_executable_tasks": {"executed_lines": [34, 36, 40, 41, 43, 44, 45, 47, 50, 51, 52, 54], "summary": {"covered_lines": 12, "num_statements": 13, "percent_covered": 92.3076923076923, "percent_covered_display": "92", "missing_lines": 1, "excluded_lines": 0}, "missing_lines": [37], "excluded_lines": []}, "ParallelExecutor.can_run_parallel": {"executed_lines": [66, 67, 70], "summary": {"covered_lines": 3, "num_statements": 3, "percent_covered": 100.0, "percent_covered_display": "100", "missing_lines": 0, "excluded_lines": 0}, "missing_lines": [], "excluded_lines": []}, "ParallelExecutor.group_tasks_by_parallelism": {"executed_lines": [82, 83, 85, 87, 88, 91, 92, 94, 95, 96, 97, 99, 100, 105], "summary": {"covered_lines": 14, "num_statements": 15, "percent_covered": 93.33333333333333, "percent_covered_display": "93", "missing_lines": 1, "excluded_lines": 0}, "missing_lines": [103], "excluded_lines": []}, "ParallelExecutor._get_all_ready_tasks": {"executed_lines": [111, 112, 115, 116, 118, 119, 122, 123, 125], "summary": {"covered_lines": 9, "num_statements": 9, "percent_covered": 100.0, "percent_covered_display": "100", "missing_lines": 0, "excluded_lines": 0}, "missing_lines": [], "excluded_lines": []}, "ParallelExecutor._get_task_files": {"executed_lines": [133, 136, 137, 138, 139, 141], "summary": {"covered_lines": 6, "num_statements": 6, "percent_covered": 100.0, "percent_covered_display": "100", "missing_lines": 0, "excluded_lines": 0}, "missing_lines": [], "excluded_lines": []}, "": {"executed_lines": [1, 10, 11, 12, 13, 16, 17, 19, 23, 56, 72, 109, 127], "summary": {"covered_lines": 11, "num_statements": 11, "percent_covered": 100.0, "percent_covered_display": "100", "missing_lines": 0, "excluded_lines": 0}, "missing_lines": [], "excluded_lines": []}}, "classes": {"ParallelExecutor": {"executed_lines": [20, 21, 34, 36, 40, 41, 43, 44, 45, 47, 50, 51, 52, 54, 66, 67, 70, 82, 83, 85, 87, 88, 91, 92, 94, 95, 96, 97, 99, 100, 105, 111, 112, 115, 116, 118, 119, 122, 123, 125, 133, 136, 137, 138, 139, 141], "summary": {"covered_lines": 46, "num_statements": 48, "percent_covered": 95.83333333333333, "percent_covered_display": "96", "missing_lines": 2, "excluded_lines": 0}, "missing_lines": [37, 103], "excluded_lines": []}, "": {"executed_lines": [1, 10, 11, 12, 13, 16, 17, 19, 23, 56, 72, 109, 127], "summary": {"covered_lines": 11, "num_statements": 11, "percent_covered": 100.0, "percent_covered_display": "100", "missing_lines": 0, "excluded_lines": 0}, "missing_lines": [], "excluded_lines": []}}}, "src/cmw/progress_tracker.py": {"executed_lines": [1, 8, 9, 10, 11, 13, 16, 17, 19, 20, 21, 22, 24, 40, 41, 42, 53, 61, 64, 65, 67, 74, 83, 85, 86, 89, 90, 92, 93, 94, 95, 96, 98, 99, 101, 104, 108, 110, 124, 126, 127, 128, 137, 138, 147, 158, 160, 161, 162, 164, 166, 168, 179, 181, 182, 185, 186, 187, 188, 189, 191,
[...]
 42, 44, 48, 49, 50, 56, 57, 59, 60, 64, 66, 67, 69, 73, 74, 76, 81, 82, 85, 91, 92, 94, 98, 99, 100], "summary": {"covered_lines": 32, "num_statements": 37, "percent_covered": 86.48648648648648, "percent_covered_display": "86", "missing_lines": 5, "excluded_lines": 0}, "missing_lines": [51, 52, 61, 101, 102], "excluded_lines": []}, "SessionContext": {"executed_lines": [118, 121, 122, 123, 126], "summary": {"covered_lines": 5, "num_statements": 5, "percent_covered": 100.0, "percent_covered_display": "100", "missing_lines": 0, "excluded_lines": 0}, "missing_lines": [], "excluded_lines": []}, "": {"executed_lines": [1, 10, 11, 12, 13, 14, 17, 18, 20, 22, 27, 46, 54, 71, 78, 96, 105, 106, 117, 120, 125], "summary": {"covered_lines": 18, "num_statements": 18, "percent_covered": 100.0, "percent_covered_display": "100", "missing_lines": 0, "excluded_lines": 0}, "missing_lines": [], "excluded_lines": []}}}, "src/cmw/static_analyzer.py": {"executed_lines": [1, 7, 8, 9, 10, 12, 15, 16, 18, 23, 25, 34, 36, 37, 39, 40, 42, 43, 44, 46, 47, 50, 53, 54, 55, 56, 57, 59, 60, 62, 63, 66, 67, 68, 70, 71, 74, 75, 79, 80, 82, 84, 86, 88, 98, 100, 102, 103, 104, 106, 115, 116, 117, 118, 120, 122, 133, 134, 135, 137, 138, 140, 141, 142, 145, 146, 156, 160, 161, 162, 165, 167, 169, 182, 183, 185, 188, 189, 191, 192, 193, 196, 197, 198, 200, 203, 204, 205, 206, 208, 211, 214, 217, 219, 221, 222, 223, 226, 227, 228, 230, 232, 245, 246, 248, 249, 250, 251, 252, 253, 256, 258, 260, 261, 263, 266, 267, 270, 271, 272, 273, 274, 277, 288, 290, 292, 302, 303, 304, 305, 308, 309, 310, 311, 312, 315, 316, 317, 319, 321, 322, 324, 325, 327, 328, 329, 330, 331, 332, 334, 336, 337, 338, 340, 342, 351, 360, 361, 363, 364, 365, 367, 369, 370, 371, 372, 374, 375, 376, 377, 380, 381, 386, 387, 392, 394, 396, 405, 407, 408, 410, 411, 414, 415, 417, 419, 421, 430, 432, 433, 435, 436, 437, 439, 442, 450, 451, 452, 453, 455, 457, 458, 460, 469, 471, 472, 474, 475, 476, 478, 480, 489, 490, 491, 492, 493, 494, 495, 498, 499, 500, 501, 504, 506, 508, 510, 511], "summary": {"covered_lines": 225, "num_statements": 228, "percent_covered": 98.6842105263158, "percent_covered_display": "99", "missing_lines": 3, "excluded_lines": 0}, "missing_lines": [412, 502, 503], "excluded_lines": [], "functions": {"StaticAnalyzer.__init__": {"executed_lines": [23], "summary": {"covered_lines": 1, "num_statements": 1, "percent_covered": 100.0, "percent_covered_display": "100", "missing_lines": 0, "excluded_lines": 0}, "missing_lines": [], "excluded_lines": []}, "StaticAnalyzer.analyze_file_dependencies": {"executed_lines": [34, 36, 37, 39, 40, 42, 43, 44, 46, 47, 50, 53, 54, 55, 56, 57, 59, 60, 62, 63, 66, 67, 68, 70, 71, 74, 75, 79, 80, 82, 84, 86], "summary": {"covered_lines": 32, "num_statements": 32, "percent_covered": 100.0, "percent_covered_display": "100", "missing_lines": 0, "excluded_lines": 0}, "missing_lines": [], "excluded_lines": []}, "StaticAnalyzer._detect_sys_path_changes": {"executed_lines": [98, 100, 102, 103, 104, 106, 115, 116, 117, 118, 120], "summary": {"covered_lines": 11, "num_statements": 11, "percent_covered": 100.0, "percent_covered_display": "100", "missing_lines": 0, "excluded_lines": 0}, "missing_lines": [], "excluded_lines": []}, "StaticAnalyzer._evaluate_path_expr": {"executed_lines": [133, 134, 135, 137, 138, 140, 141, 142, 145, 146, 156, 160, 161, 162, 165, 167], "summary": {"covered_lines": 16, "num_statements": 16, "percent_covered": 100.0, "percent_covered_display": "100", "missing_lines": 0, "excluded_lines": 0}, "missing_lines": [], "excluded_lines": []}, "StaticAnalyzer._module_to_file": {"executed_lines": [182, 183, 185, 188, 189, 191, 192, 193, 196, 197, 198, 200, 203, 204, 205, 206, 208, 211, 214, 217, 219, 221, 222, 223, 226, 227, 228, 230], "summary": {"covered_lines": 28, "num_statements": 28, "percent_covered": 100.0, "percent_covered_display": "100", "missing_lines": 0, "excluded_lines": 0}, "missing_lines": [], "excluded_lines": []}, "StaticAnalyzer.infer_task_dependencies": {"executed_lines": [245, 246, 248, 249, 250, 251, 252, 253, 256, 258, 260, 261, 263, 266, 267, 270, 271, 272, 273, 274, 277, 288, 290], "summary": {"covered_lines": 23, "num_statements": 23, "percent_covered": 100.0, "percent_covered_display": "100", "missing_lines": 0, "excluded_lines": 0}, "missing_lines": [], "excluded_lines": []}, "StaticAnalyzer.detect_circular_imports": {"executed_lines": [302, 303, 304, 305, 308, 309, 310, 311, 312, 315, 316, 317, 319, 336, 337, 338, 340], "summary": {"covered_lines": 17, "num_statements": 17, "percent_covered": 100.0, "percent_covered_display": "100", "missing_lines": 0, "excluded_lines": 0}, "missing_lines": [], "excluded_lines": []}, "StaticAnalyzer.detect_circular_imports.dfs": {"executed_lines": [321, 322, 324, 325, 327, 328, 329, 330, 331, 332, 334], "summary": {"covered_lines": 11, "num_statements": 11, "percent_covered": 100.0, "percent_covered_display": "100", "missing_lines": 0, "excluded_lines": 0}, "missing_lines": [], "excluded_lines": []}, "StaticAnalyzer.analyze_import_patterns": {"executed_lines": [351, 360, 361, 363, 364, 365, 367, 369, 370, 371, 372, 374, 375, 376, 377, 380, 381, 386, 387, 392, 394], "summary": {"covered_lines": 21, "num_statements": 21, "percent_covered": 100.0, "percent_covered_display": "100", "missing_lines": 0, "excluded_lines": 0}, "missing_lines": [], "excluded_lines": []}, "StaticAnalyzer.suggest_file_organization": {"executed_lines": [405, 407, 408, 410, 411, 414, 415, 417, 419], "summary": {"covered_lines": 9, "num_statements": 10, "percent_covered": 90.0, "percent_covered_display": "90", "missing_lines": 1, "excluded_lines": 0}, "missing_lines": [412], "excluded_lines": []}, "StaticAnalyzer.extract_api_endpoints": {"executed_lines": [430, 432, 433, 435, 436, 437, 439, 442, 450, 451, 452, 453, 455, 457, 458], "summary": {"covered_lines": 15, "num_statements": 15, "percent_covered": 100.0, "percent_covered_display": "100", "missing_lines": 0, "excluded_lines": 0}, "missing_lines": [], "excluded_lines": []}, "StaticAnalyzer.analyze_complexity": {"executed_lines": [469, 471, 472, 474, 475, 476, 478, 480, 489, 490, 491, 492, 493, 494, 495, 498, 506, 508, 510, 511], "summary": {"covered_lines": 20, "num_statements": 20, "percent_covered": 100.0, "percent_covered_display": "100", "missing_lines": 0, "excluded_lines": 0}, "missing_lines": [], "excluded_lines": []}, "StaticAnalyzer.analyze_complexity.get_max_depth": {"executed_lines": [499, 500, 501, 504], "summary": {"covered_lines": 4, "num_statements": 6, "percent_covered": 66.66666666666667, "percent_covered_display": "67", "missing_lines": 2, "excluded_lines": 0}, "missing_lines": [502, 503], "excluded_lines": []}, "": {"executed_lines": [1, 7, 8, 9, 10, 12, 15, 16, 18, 25, 88, 122, 169, 232, 292, 342, 396, 421, 460], "summary": {"covered_lines": 17, "num_statements": 17, "percent_covered": 100.0, "percent_covered_display": "100", "missing_lines": 0, "excluded_lines": 0}, "missing_lines": [], "excluded_lines": []}}, "classes": {"StaticAnalyzer": {"executed_lines": [23, 34, 36, 37, 39, 40, 42, 43, 44, 46, 47, 50, 53, 54, 55, 56, 57, 59, 60, 62, 63, 66, 67, 68, 70, 71, 74, 75, 79, 80, 82, 84, 86, 98, 100, 102, 103, 104, 106, 115, 116, 117, 118, 120, 133, 134, 135, 137, 138, 140, 141, 142, 145, 146, 156, 160, 161, 162, 165, 167, 182, 183, 185, 188, 189, 191, 192, 193, 196, 197, 198, 200, 203, 204, 205, 206, 208, 211, 214, 217, 219, 221, 222, 223, 226, 227, 228, 230, 245, 246, 248, 249, 250, 251, 252, 253, 256, 258, 260, 261, 263, 266, 267, 270, 271, 272, 273, 274, 277, 288, 290, 302, 303, 304, 305, 308, 309, 310, 311, 312, 315, 316, 317, 319, 321, 322, 324, 325, 327, 328, 329, 330, 331, 332, 334, 336, 337, 338, 340, 351, 360, 361, 363, 364, 365, 367, 369, 370, 371, 372, 374, 375, 376, 377, 380, 381, 386, 387, 392, 394, 405, 407, 408, 410, 411, 414, 415, 417, 419, 430, 432, 433, 435, 436, 437, 439, 442, 450, 451, 452, 453, 455, 457, 458, 469, 471, 472, 474, 475, 476, 478, 480, 489, 490, 491, 492, 493, 494, 495, 498, 499, 500, 501, 504, 506, 508, 510, 511], "summary": {"covered_lines": 208, "num_statements": 211, "percent_covered": 98.5781990521327, "percent_covered_display": "99", "missing_lines": 3, "excluded_lines": 0}, "missing_lines": [412, 502, 503], "excluded_lines": []}, "": {"executed_lines": [1, 7, 8, 9, 10, 12, 15, 16, 18, 25, 88, 122, 169, 232, 292, 342, 396, 421, 460], "summary": {"covered_lines": 17, "num_statements": 17, "percent_covered": 100.0, "percent_covered_display": "100", "missing_lines": 0, "excluded_lines": 0}, "missing_lines": [], "excluded_lines": []}}}, "src/cmw/task_filter.py": {"executed_lines": [1, 8, 9, 10, 11, 14, 15, 18, 39, 58, 68, 69, 72, 73, 74, 77, 78, 80, 81, 84, 85, 86, 89, 90, 91, 94, 97, 99, 110, 112, 114, 115, 116, 119, 133, 137, 139, 141, 152, 154, 164, 167, 168, 170, 172, 182, 192, 193, 195, 205, 206, 208, 209, 210, 212, 214, 216, 235, 237, 238, 245, 247, 249, 257, 259, 261], "summary": {"covered_lines": 64, "num_statements": 65, "percent_covered": 98.46153846153847, "percent_covered_display": "98", "missing_lines": 1, "excluded_lines": 0}, "missing_lines": [95], "excluded_lines": [], "functions": {"TaskFilter.is_implementation_task": {"executed_lines": [68, 69, 72, 73, 74, 77, 78, 80, 81, 84, 85, 86, 89, 90, 91, 94, 97], "summary": {"covered_lines": 17, "num_statements": 18, "percent_covered": 94.44444444444444, "percent_covered_display": "94", "missing_lines": 1, "excluded_lines": 0}, "missing_lines": [95], "excluded_lines": []}, "TaskFilter._has_concrete_criteria": {"executed_lines": [110, 112, 114, 115, 116, 119, 133, 137, 139], "summary": {"covered_lines": 9, "num_statements": 9, "percent_covered": 100.0, "percent_covered_display": "100", "missing_lines": 0, "excluded_lines": 0}, "missing_lines": [], "excluded_lines": []}, "TaskFilter._has_concrete_files": {"executed_lines": [152, 154, 164, 167, 168, 170], "summary": {"covered_lines": 6, "num_statements": 6, "percent_covered": 100.0, "percent_covered_display": "100", "missing_lines": 0, "excluded_lines": 0}, "missing_lines": [], "excluded_lines": []}, "TaskFilter._is_too_abstract": {"executed_lines": [182, 192, 193], "summary": {"covered_lines": 3, "num_statements": 3, "percent_covered": 100.0, "percent_covered_display": "100", "missing_lines": 0, "excluded_lines": 0}, "missing_lines": [], "excluded_lines": []}, "TaskFilter.filter_tasks": {"executed_lines": [205, 206, 208, 209, 210, 212, 214], "summary": {"covered_lines": 7, "num_statements": 7, "percent_covered": 100.0, "percent_covered_display": "100", "missing_lines": 0, "excluded_lines": 0}, "missing_lines": [], "excluded_lines": []}, "TaskFilter.convert_to_references": {"executed_lines": [235, 237, 238, 245, 247], "summary": {"covered_lines": 5, "num_statements": 5, "percent_covered": 100.0, "percent_covered_display": "100", "missing_lines": 0, "excluded_lines": 0}, "missing_lines": [], "excluded_lines": []}, "TaskFilter.save_references": {"executed_lines": [257, 259, 261], "summary": {"covered_lines": 3, "num_statements": 3, "percent_covered": 100.0, "percent_covered_display": "100", "missing_lines": 0, "excluded_lines": 0}, "missing_lines": [], "excluded_lines": []}, "": {"executed_lines": [1, 8, 9, 10, 11, 14, 15, 18, 39, 58, 99, 141, 172, 195, 216, 249], "summary": {"covered_lines": 14, "num_statements": 14, "percent_covered": 100.0, "percent_covered_display": "100", "missing_lines": 0, "excluded_lines": 0}, "missing_lines": [], "excluded_lines": []}}, "classes": {"TaskFilter": {"executed_lines": [68, 69, 72, 73, 74, 77, 78, 80, 81, 84, 85, 86, 89, 90, 91, 94, 97, 110, 112, 114, 115, 116, 119, 133, 137, 139, 152, 154, 164, 167, 168, 170, 182, 192, 193, 205, 206, 208, 209, 210, 212, 214, 235, 237, 238, 245, 247, 257, 259, 261], "summary": {"covered_lines": 50, "num_statements": 51, "percent_covered": 98.03921568627452, "percent_covered_display": "98", "missing_lines": 1, "excluded_lines": 0}, "missing_lines": [95], "excluded_lines": []}, "": {"executed_lines": [1, 8, 9, 10, 11, 14, 15, 18, 39, 58, 99, 141, 172, 195, 216, 249], "summary": {"covered_lines": 14, "num_statements": 14, "percent_covered": 100.0, "percent_covered_display": "100", "missing_lines": 0, "excluded_lines": 0}, "missing_lines": [], "excluded_lines": []}}}, "src/cmw/task_provider.py": {"executed_lines": [1, 10, 11, 12, 13, 15, 16, 19, 20, 22, 27, 28, 29, 32, 34, 45, 47, 48, 51, 60, 62, 72, 73, 76, 91, 98, 99, 102, 103, 105, 107, 115, 116, 119, 120, 121, 123, 126, 128, 136, 137, 140, 141, 142, 144, 147, 151, 153, 155, 157, 158, 161, 165, 166, 169, 170, 172, 174, 176, 177, 178, 179, 180, 182, 184, 185, 186, 194, 196, 197, 198, 202, 204, 205, 208, 209, 210, 213, 215, 217, 219, 233, 235, 237, 243, 245, 246, 247, 248, 251, 253, 254, 255, 257, 259, 260, 261, 263, 266, 267, 268, 269, 270, 271, 272, 273, 276, 277, 279, 281, 283, 284, 293, 294, 298, 300, 302, 303, 312, 313], "summary": {"covered_lines": 118, "num_statements": 134, "percent_covered": 88.05970149253731, "percent_covered_display": "88", "missing_lines": 16, "excluded_lines": 0}, "missing_lines": [74, 100, 117, 138, 162, 188, 192, 200, 211, 220, 221, 222, 223, 224, 225, 249], "excluded_lines": [], "functions": {"TaskProvider.__init__": {"executed_lines": [27, 28, 29, 32], "summary": {"covered_lines": 4, "num_statements": 4, "percent_covered": 100.0, "percent_covered_display": "100", "missing_lines": 0, "excluded_lines": 0}, "missing_lines": [], "excluded_lines": []}, "TaskProvider.get_next_task": {"executed_lines": [45, 47, 48, 51, 60], "summary": {"covered_lines": 5, "num_statements": 5, "percent_covered": 100.0, "percent_covered_display": "100", "missing_lines": 0, "excluded_lines": 0}, "missing_lines": [], "excluded_lines": []}, "TaskProvider.get_task_context": {"executed_lines": [72, 73, 76], "summary": {"covered_lines": 3, "num_statements": 4, "percent_covered": 75.0, "percent_covered_display": "75", "missing_lines": 1, "excluded_lines": 0}, "missing_lines": [74], "excluded_lines": []}, "TaskProvider.mark_started": {"executed_lines": [98, 99, 102, 103, 105], "summary": {"covered_lines": 5, "num_statements": 6, "percent_covered": 83.33333333333333, "percent_covered_display": "83", "missing_lines": 1, "excluded_lines": 0}, "missing_lines": [100], "excluded_lines": []}, "TaskProvider.mark_completed": {"executed_lines": [115, 116, 119, 120, 121, 123, 126], "summary": {"covered_lines": 7, "num_statements": 8, "percent_covered": 87.5, "percent_covered_display": "88", "missing_lines": 1, "excluded_lines": 0}, "missing_lines": [117], "excluded_lines": []}, "TaskProvider.mark_failed": {"executed_lines": [136, 137, 140, 141, 142, 144, 147], "summary": {"covered_lines": 7, "num_statements": 8, "percent_covered": 87.5, "percent_covered_display": "88", "missing_lines": 1, "excluded_lines": 0}, "missing_lines": [138], "excluded_lines": []}, "TaskProvider._get_ready_tasks": {"executed_lines": [153, 155, 157, 158, 161, 165, 166, 169, 170, 172], "summary": {"covered_lines": 10, "num_statements": 11, "percent_covered": 90.9090909090909, "percent_covered_display": "91", "missing_lines": 1, "excluded_lines": 0}, "missing_lines": [162], "excluded_lines": []}, "TaskProvider._are_dependencies_met": {"executed_lines": [176, 177, 178, 179, 180], "summary": {"covered_lines": 5, "num_statements": 5, "percent_covered": 100.0, "percent_covered_display": "100", "missing_lines": 0, "excluded_lines": 0}, "missing_lines": [], "excluded_lines": []}, "TaskProvider._load_requirements_section": {"executed_lines": [184, 185, 186], "summary": {"covered_lines": 3, "num_statements": 5, "percent_covered": 60.0, "percent_covered_display": "60", "missing_lines": 2, "excluded_lines": 0}, "missing_lines": [188, 192], "excluded_lines": []}, "TaskProvider._load_api_spec": {"executed_lines": [196, 197, 198], "summary": {"covered_lines": 3, "num_statements": 4, "percent_covered": 75.0, "percent_covered_display": "75", "missing_lines": 1, "excluded_lines": 0}, "missing_lines": [200], "excluded_lines": []}, "TaskProvider._get_related_files": {"executed_lines": [204, 205, 208, 209, 210, 213], "summary": {"covered_lines": 6, "num_statements": 7, "percent_covered": 85.71428571428571, "percent_covered_display": "86", "missing_lines": 1, "excluded_lines": 0}, "missing_lines": [211], "excluded_lines": []}, "TaskProvider._get_dependency_artifacts": {"executed_lines": [217, 219, 233], "summary": {"covered_lines": 3, "num_statements": 9, "percent_covered": 33.333333333333336, "percent_covered_display": "33", "missing_lines": 6, "excluded_lines": 0}, "missing_lines": [220, 221, 222, 223, 224, 225], "excluded_lines": []}, "TaskProvider._get_project_structure": {"executed_lines": [237], "summary": {"covered_lines": 1, "num_statements": 1, "percent_covered": 100.0, "percent_covered_display": "100", "missing_lines": 0, "excluded_lines": 0}, "missing_lines": [], "excluded_lines": []}, "TaskProvider._unblock_dependent_tasks": {"executed_lines": [245, 246, 247, 248], "summary": {"covered_lines": 4, "num_statements": 5, "percent_covered": 80.0, "percent_covered_display": "80", "missing_lines": 1, "excluded_lines": 0}, "missing_lines": [249], "excluded_lines": []}, "TaskProvider._block_dependent_tasks": {"executed_lines": [253, 254, 255], "summary": {"covered_lines": 3, "num_statements": 3, "percent_covered": 100.0, "percent_covered_display": "100", "missing_lines": 0, "excluded_lines": 0}, "missing_lines": [], "excluded_lines": []}, "TaskProvider._load_progress": {"executed_lines": [259, 260, 261, 263, 266, 267, 268, 269, 270, 271, 272, 273, 276, 277], "summary": {"covered_lines": 14, "num_statements": 14, "percent_covered": 100.0, "percent_covered_display": "100", "missing_lines": 0, "excluded_lines": 0}, "missing_lines": [], "excluded_lines": []}, "TaskProvider._save_progress": {"executed_lines": [281, 283, 284, 293, 294], "summary": {"covered_lines": 5, "num_statements": 5, "percent_covered": 100.0, "percent_covered_display": "100", "missing_lines": 0, "excluded_lines": 0}, "missing_lines": [], "excluded_lines": []}, "TaskProvider._init_progress": {"executed_lines": [300, 302, 303, 312, 313], "summary": {"covered_lines": 5, "num_statements": 5, "percent_covered": 100.0, "percent_covered_display": "100", "missing_lines": 0, "excluded_lines": 0}, "missing_lines": [], "excluded_lines": []}, "": {"executed_lines": [1, 10, 11, 12, 13, 15, 16, 19, 20, 22, 34, 62, 91, 107, 128, 151, 174, 182, 194, 202, 215, 235, 243, 251, 257, 279, 298], "summary": {"covered_lines": 25, "num_statements": 25, "percent_covered": 100.0, "percent_covered_display": "100", "missing_lines": 0, "excluded_lines": 0}, "missing_lines": [], "excluded_lines": []}}, "classes": {"TaskProvider": {"executed_lines": [27, 28, 29, 32, 45, 47, 48, 51, 60, 72, 73, 76, 98, 99, 102, 103, 105, 115, 116, 119, 120, 121, 123, 126, 136, 137, 140, 141, 142, 144, 147, 153, 155, 157, 158, 161, 165, 166, 169, 170, 172, 176, 177, 178, 179, 180, 184, 185, 186, 196, 197, 198, 204, 205, 208, 209, 210, 213, 217, 219, 233, 237, 245, 246, 247, 248, 253, 254, 255, 259, 260, 261, 263, 266, 267, 268, 269, 270, 271, 272, 273, 276, 277, 281, 283, 284, 293, 294, 300, 302, 303, 312, 313], "summary": {"covered_lines": 93, "num_statements": 109, "percent_covered": 85.3211009174312, "percent_covered_display": "85", "missing_lines": 16, "excluded_lines": 0}, "missing_lines": [74, 100, 117, 138, 162, 188, 192, 200, 211, 220, 221, 222, 223, 224, 225, 249], "excluded_lines": []}, "": {"executed_lines": [1, 10, 11, 12, 13, 15, 16, 19, 20, 22, 34, 62, 91, 107, 128, 151, 174, 182, 194, 202, 215, 235, 243, 251, 257, 279, 298], "summary": {"covered_lines": 25, "num_statements": 25, "percent_covered": 100.0, "percent_covered_display": "100", "missing_lines": 0, "excluded_lines": 0}, "missing_lines": [], "excluded_lines": []}}}}, "totals": {"covered_lines": 3054, "num_statements": 3479, "percent_covered": 87.7838459327393, "percent_covered_display": "88", "missing_lines": 425, "excluded_lines": 1}}