src/cmw/state_manager.py:101: error: Returning Any from function declared to return "Optional[dict[Any, Any]]"  [no-any-return]
src/cmw/static_analyzer.py:162: error: Incompatible default for argument "extra_paths" (default has type "None", argument has type "list[Path]")  [assignment]
src/cmw/static_analyzer.py:162: note: PEP 484 prohibits implicit Optional. Accordingly, mypy has changed its default to no_implicit_optional=True
src/cmw/static_analyzer.py:162: note: Use https://github.com/hauntsaninja/no_implicit_optional to automatically upgrade your codebase
src/cmw/static_analyzer.py:202: error: Incompatible types in assignment (expression has type "str", variable has type "Path")  [assignment]
src/cmw/static_analyzer.py:365: error: Unsupported operand types for + ("object" and "int")  [operator]
src/cmw/progress_tracker.py:153: error: Argument "key" to "sort" of "list" has incompatible type "Callable[[dict[str, object]], object]"; expected "Callable[[dict[str, object]], Union[SupportsDunderLT[Any], SupportsDunderGT[Any]]]"  [arg-type]
src/cmw/progress_tracker.py:153: error: Incompatible return value type (got "object", expected "Union[SupportsDunderLT[Any], SupportsDunderGT[Any]]")  [return-value]
src/cmw/progress_tracker.py:298: error: Incompatible types in assignment (expression has type "float", target has type "Collection[Any]")  [assignment]
src/cmw/progress_tracker.py:317: error: Returning Any from function declared to return "Optional[dict[Any, Any]]"  [no-any-return]
src/cmw/dependency_validator.py:7: error: Library stubs not installed for "networkx"  [import-untyped]
src/cmw/dependency_validator.py:134: error: Argument "key" to "sort" of "list" has incompatible type "Callable[[dict[str, object]], object]"; expected "Callable[[dict[str, object]], Union[SupportsDunderLT[Any], SupportsDunderGT[Any]]]"  [arg-type]
src/cmw/dependency_validator.py:134: error: Incompatible return value type (got "object", expected "Union[SupportsDunderLT[Any], SupportsDunderGT[Any]]")  [return-value]
src/cmw/dependency_validator.py:334: error: "object" has no attribute "append"  [attr-defined]
src/cmw/dependency_validator.py:341: error: "object" has no attribute "append"  [attr-defined]
src/cmw/conflict_detector.py:9: error: Library stubs not installed for "networkx"  [import-untyped]
src/cmw/conflict_detector.py:9: note: Hint: "python3 -m pip install types-networkx"
src/cmw/conflict_detector.py:9: note: (or run "mypy --install-types" to install all missing stub packages)
src/cmw/conflict_detector.py:9: note: See https://mypy.readthedocs.io/en/stable/running_mypy.html#missing-imports
src/cmw/conflict_detector.py:193: error: "object" has no attribute "append"  [attr-defined]
src/cmw/conflict_detector.py:194: error: Unsupported operand types for + ("object" and "int")  [operator]
src/cmw/conflict_detector.py:198: error: Argument 1 to "len" has incompatible type "object"; expected "Sized"  [arg-type]
src/cmw/task_provider.py:282: error: Unsupported target for indexed assignment ("Collection[str]")  [index]
src/cmw/task_provider.py:305: error: Unsupported target for indexed assignment ("Collection[str]")  [index]
src/cmw/requirements_parser.py:147: error: "object" has no attribute "append"  [attr-defined]
src/cmw/requirements_parser.py:154: error: "object" has no attribute "append"  [attr-defined]
src/cmw/requirements_parser.py:156: error: "object" has no attribute "append"  [attr-defined]
src/cmw/requirements_parser.py:188: error: Argument "priority" to "Task" has incompatible type "str"; expected "Priority"  [arg-type]
src/cmw/requirements_parser.py:213: error: Argument "priority" to "Task" has incompatible type "str"; expected "Priority"  [arg-type]
src/cmw/requirements_parser.py:312: error: Returning Any from function declared to return "str"  [no-any-return]
src/cmw/graph_visualizer.py:8: error: Library stubs not installed for "networkx"  [import-untyped]
src/cmw/graph_visualizer.py:162: error: Cannot find implementation or library stub for module named "pygraphviz"  [import-not-found]
src/cmw/graph_visualizer.py:222: error: Argument "key" to "max" has incompatible type overloaded function; expected "Callable[[Any], Union[SupportsDunderLT[Any], SupportsDunderGT[Any]]]"  [arg-type]
src/cmw/cli.py:206: error: Incompatible types in assignment (expression has type "list[Task]", variable has type "dict_values[str, Task]")  [assignment]
Found 29 errors in 9 files (checked 22 source files)
